<?xml version="1.0" encoding="UTF-8"?>
<coverage generated="1773572618674" clover="3.2.0">
  <project timestamp="1773572618674" name="All files">
    <metrics statements="438" coveredstatements="429" conditionals="130" coveredconditionals="116" methods="36" coveredmethods="36" elements="604" coveredelements="581" complexity="0" loc="438" ncloc="438" packages="4" files="12" classes="12"/>
    <package name="src">
      <metrics statements="69" coveredstatements="60" conditionals="15" coveredconditionals="11" methods="8" coveredmethods="8"/>
      <file name="config.ts" path="/home/pm/ts-dao-aston/src/config.ts">
        <metrics statements="29" coveredstatements="22" conditionals="6" coveredconditionals="3" methods="3" coveredmethods="3"/>
        <line num="1" count="1" type="stmt"/>
        <line num="8" count="1" type="stmt"/>
        <line num="10" count="1" type="cond" truecount="1" falsecount="0"/>
        <line num="11" count="3" type="cond" truecount="0" falsecount="1"/>
        <line num="12" count="0" type="stmt"/>
        <line num="13" count="0" type="stmt"/>
        <line num="15" count="3" type="cond" truecount="0" falsecount="1"/>
        <line num="16" count="0" type="stmt"/>
        <line num="17" count="3" type="stmt"/>
        <line num="18" count="3" type="stmt"/>
        <line num="19" count="3" type="stmt"/>
        <line num="20" count="3" type="stmt"/>
        <line num="21" count="3" type="stmt"/>
        <line num="22" count="3" type="stmt"/>
        <line num="23" count="3" type="stmt"/>
        <line num="25" count="1" type="cond" truecount="1" falsecount="0"/>
        <line num="26" count="125" type="cond" truecount="0" falsecount="1"/>
        <line num="27" count="0" type="stmt"/>
        <line num="28" count="0" type="stmt"/>
        <line num="29" count="0" type="stmt"/>
        <line num="30" count="0" type="stmt"/>
        <line num="31" count="125" type="stmt"/>
        <line num="32" count="125" type="stmt"/>
        <line num="34" count="3" type="cond" truecount="1" falsecount="0"/>
        <line num="35" count="3" type="stmt"/>
        <line num="36" count="3" type="stmt"/>
        <line num="37" count="3" type="stmt"/>
        <line num="38" count="3" type="stmt"/>
        <line num="39" count="3" type="stmt"/>
      </file>
      <file name="errors.ts" path="/home/pm/ts-dao-aston/src/errors.ts">
        <metrics statements="20" coveredstatements="20" conditionals="3" coveredconditionals="3" methods="3" coveredmethods="3"/>
        <line num="1" count="1" type="stmt"/>
        <line num="2" count="1" type="cond" truecount="1" falsecount="0"/>
        <line num="3" count="3" type="stmt"/>
        <line num="4" count="3" type="stmt"/>
        <line num="5" count="3" type="stmt"/>
        <line num="6" count="1" type="stmt"/>
        <line num="8" count="1" type="stmt"/>
        <line num="9" count="1" type="cond" truecount="1" falsecount="0"/>
        <line num="10" count="2" type="stmt"/>
        <line num="11" count="2" type="stmt"/>
        <line num="12" count="2" type="stmt"/>
        <line num="13" count="1" type="stmt"/>
        <line num="15" count="1" type="stmt"/>
        <line num="16" count="1" type="cond" truecount="1" falsecount="0"/>
        <line num="17" count="1" type="stmt"/>
        <line num="18" count="1" type="stmt"/>
        <line num="19" count="1" type="stmt"/>
        <line num="20" count="1" type="stmt"/>
        <line num="21" count="1" type="stmt"/>
        <line num="22" count="1" type="stmt"/>
      </file>
      <file name="index.ts" path="/home/pm/ts-dao-aston/src/index.ts">
        <metrics statements="6" coveredstatements="6" conditionals="0" coveredconditionals="0" methods="0" coveredmethods="0"/>
        <line num="1" count="1" type="stmt"/>
        <line num="2" count="1" type="stmt"/>
        <line num="3" count="1" type="stmt"/>
        <line num="4" count="1" type="stmt"/>
        <line num="14" count="1" type="stmt"/>
        <line num="15" count="1" type="stmt"/>
      </file>
      <file name="types.ts" path="/home/pm/ts-dao-aston/src/types.ts">
        <metrics statements="14" coveredstatements="12" conditionals="6" coveredconditionals="5" methods="2" coveredmethods="2"/>
        <line num="3" count="1" type="stmt"/>
        <line num="10" count="1" type="cond" truecount="1" falsecount="0"/>
        <line num="11" count="5" type="cond" truecount="0" falsecount="1"/>
        <line num="12" count="0" type="stmt"/>
        <line num="13" count="0" type="stmt"/>
        <line num="14" count="5" type="stmt"/>
        <line num="15" count="5" type="stmt"/>
        <line num="17" count="1" type="cond" truecount="1" falsecount="0"/>
        <line num="18" count="127" type="stmt"/>
        <line num="19" count="127" type="cond" truecount="1" falsecount="0"/>
        <line num="20" count="27" type="cond" truecount="1" falsecount="0"/>
        <line num="21" count="5" type="cond" truecount="1" falsecount="0"/>
        <line num="22" count="5" type="stmt"/>
        <line num="24" count="127" type="stmt"/>
      </file>
    </package>
    <package name="src.core">
      <metrics statements="74" coveredstatements="74" conditionals="20" coveredconditionals="16" methods="7" coveredmethods="7"/>
      <file name="query.ts" path="/home/pm/ts-dao-aston/src/core/query.ts">
        <metrics statements="57" coveredstatements="57" conditionals="16" coveredconditionals="13" methods="6" coveredmethods="6"/>
        <line num="1" count="1" type="stmt"/>
        <line num="2" count="1" type="stmt"/>
        <line num="3" count="1" type="stmt"/>
        <line num="6" count="27" type="cond" truecount="1" falsecount="0"/>
        <line num="7" count="27" type="stmt"/>
        <line num="8" count="27" type="stmt"/>
        <line num="9" count="27" type="stmt"/>
        <line num="10" count="27" type="stmt"/>
        <line num="11" count="27" type="stmt"/>
        <line num="12" count="27" type="cond" truecount="1" falsecount="0"/>
        <line num="13" count="27" type="stmt"/>
        <line num="14" count="27" type="cond" truecount="0" falsecount="1"/>
        <line num="15" count="27" type="stmt"/>
        <line num="17" count="5" type="cond" truecount="1" falsecount="0"/>
        <line num="18" count="5" type="stmt"/>
        <line num="19" count="5" type="stmt"/>
        <line num="20" count="5" type="stmt"/>
        <line num="21" count="5" type="stmt"/>
        <line num="22" count="5" type="stmt"/>
        <line num="23" count="5" type="cond" truecount="2" falsecount="0"/>
        <line num="24" count="5" type="cond" truecount="2" falsecount="0"/>
        <line num="25" count="3" type="stmt"/>
        <line num="26" count="3" type="stmt"/>
        <line num="28" count="2" type="cond" truecount="1" falsecount="0"/>
        <line num="29" count="2" type="stmt"/>
        <line num="30" count="2" type="stmt"/>
        <line num="31" count="2" type="stmt"/>
        <line num="32" count="2" type="stmt"/>
        <line num="33" count="2" type="stmt"/>
        <line num="34" count="2" type="cond" truecount="1" falsecount="0"/>
        <line num="35" count="2" type="cond" truecount="1" falsecount="1"/>
        <line num="36" count="1" type="stmt"/>
        <line num="37" count="1" type="stmt"/>
        <line num="39" count="12" type="cond" truecount="1" falsecount="0"/>
        <line num="40" count="12" type="stmt"/>
        <line num="41" count="12" type="stmt"/>
        <line num="42" count="12" type="stmt"/>
        <line num="43" count="12" type="stmt"/>
        <line num="44" count="12" type="stmt"/>
        <line num="45" count="12" type="stmt"/>
        <line num="46" count="12" type="stmt"/>
        <line num="48" count="7" type="cond" truecount="1" falsecount="0"/>
        <line num="49" count="7" type="stmt"/>
        <line num="50" count="7" type="stmt"/>
        <line num="51" count="7" type="stmt"/>
        <line num="52" count="7" type="stmt"/>
        <line num="53" count="7" type="stmt"/>
        <line num="54" count="7" type="stmt"/>
        <line num="56" count="1" type="cond" truecount="1" falsecount="0"/>
        <line num="57" count="1" type="stmt"/>
        <line num="58" count="1" type="stmt"/>
        <line num="59" count="1" type="stmt"/>
        <line num="60" count="1" type="stmt"/>
        <line num="61" count="1" type="stmt"/>
        <line num="62" count="1" type="cond" truecount="0" falsecount="1"/>
        <line num="63" count="1" type="stmt"/>
        <line num="64" count="1" type="stmt"/>
      </file>
      <file name="transaction.ts" path="/home/pm/ts-dao-aston/src/core/transaction.ts">
        <metrics statements="17" coveredstatements="17" conditionals="4" coveredconditionals="3" methods="1" coveredmethods="1"/>
        <line num="1" count="1" type="stmt"/>
        <line num="4" count="5" type="cond" truecount="1" falsecount="0"/>
        <line num="5" count="5" type="stmt"/>
        <line num="6" count="5" type="stmt"/>
        <line num="7" count="5" type="stmt"/>
        <line num="8" count="5" type="stmt"/>
        <line num="9" count="5" type="stmt"/>
        <line num="10" count="5" type="cond" truecount="1" falsecount="0"/>
        <line num="11" count="4" type="stmt"/>
        <line num="12" count="4" type="stmt"/>
        <line num="13" count="5" type="cond" truecount="1" falsecount="0"/>
        <line num="14" count="1" type="stmt"/>
        <line num="15" count="1" type="stmt"/>
        <line num="16" count="5" type="cond" truecount="0" falsecount="1"/>
        <line num="17" count="5" type="stmt"/>
        <line num="18" count="5" type="stmt"/>
        <line num="19" count="5" type="stmt"/>
      </file>
    </package>
    <package name="src.entity">
      <metrics statements="196" coveredstatements="196" conditionals="67" coveredconditionals="61" methods="15" coveredmethods="15"/>
      <file name="entity-config.ts" path="/home/pm/ts-dao-aston/src/entity/entity-config.ts">
        <metrics statements="0" coveredstatements="0" conditionals="1" coveredconditionals="1" methods="1" coveredmethods="1"/>
      </file>
      <file name="entity-ops.ts" path="/home/pm/ts-dao-aston/src/entity/entity-ops.ts">
        <metrics statements="171" coveredstatements="171" conditionals="51" coveredconditionals="46" methods="11" coveredmethods="11"/>
        <line num="4" count="1" type="stmt"/>
        <line num="5" count="1" type="stmt"/>
        <line num="6" count="1" type="stmt"/>
        <line num="7" count="1" type="stmt"/>
        <line num="11" count="1" type="stmt"/>
        <line num="13" count="15" type="cond" truecount="1" falsecount="0"/>
        <line num="14" count="15" type="stmt"/>
        <line num="15" count="15" type="cond" truecount="1" falsecount="0"/>
        <line num="16" count="1" type="stmt"/>
        <line num="17" count="1" type="stmt"/>
        <line num="18" count="1" type="stmt"/>
        <line num="19" count="15" type="stmt"/>
        <line num="20" count="15" type="stmt"/>
        <line num="22" count="12" type="cond" truecount="1" falsecount="0"/>
        <line num="23" count="12" type="stmt"/>
        <line num="24" count="12" type="stmt"/>
        <line num="25" count="12" type="stmt"/>
        <line num="26" count="12" type="stmt"/>
        <line num="27" count="12" type="stmt"/>
        <line num="29" count="62" type="cond" truecount="1" falsecount="0"/>
        <line num="30" count="62" type="stmt"/>
        <line num="31" count="62" type="stmt"/>
        <line num="32" count="62" type="stmt"/>
        <line num="33" count="62" type="stmt"/>
        <line num="34" count="62" type="cond" truecount="3" falsecount="0"/>
        <line num="35" count="62" type="cond" truecount="2" falsecount="0"/>
        <line num="36" count="32" type="stmt"/>
        <line num="37" count="32" type="stmt"/>
        <line num="39" count="34" type="cond" truecount="1" falsecount="0"/>
        <line num="40" count="34" type="stmt"/>
        <line num="41" count="34" type="stmt"/>
        <line num="42" count="34" type="stmt"/>
        <line num="43" count="34" type="stmt"/>
        <line num="44" count="34" type="stmt"/>
        <line num="45" count="34" type="stmt"/>
        <line num="46" count="34" type="stmt"/>
        <line num="47" count="34" type="stmt"/>
        <line num="48" count="34" type="stmt"/>
        <line num="52" count="14" type="cond" truecount="1" falsecount="0"/>
        <line num="53" count="14" type="stmt"/>
        <line num="54" count="14" type="stmt"/>
        <line num="55" count="14" type="stmt"/>
        <line num="56" count="14" type="stmt"/>
        <line num="57" count="14" type="stmt"/>
        <line num="58" count="14" type="stmt"/>
        <line num="59" count="14" type="cond" truecount="2" falsecount="0"/>
        <line num="60" count="13" type="stmt"/>
        <line num="61" count="13" type="stmt"/>
        <line num="63" count="3" type="cond" truecount="1" falsecount="0"/>
        <line num="64" count="3" type="stmt"/>
        <line num="65" count="3" type="stmt"/>
        <line num="66" count="3" type="stmt"/>
        <line num="67" count="3" type="stmt"/>
        <line num="68" count="3" type="stmt"/>
        <line num="69" count="3" type="stmt"/>
        <line num="70" count="3" type="cond" truecount="2" falsecount="0"/>
        <line num="71" count="1" type="stmt"/>
        <line num="72" count="1" type="stmt"/>
        <line num="76" count="1" type="cond" truecount="1" falsecount="0"/>
        <line num="77" count="1" type="stmt"/>
        <line num="78" count="1" type="stmt"/>
        <line num="79" count="1" type="stmt"/>
        <line num="80" count="1" type="stmt"/>
        <line num="81" count="1" type="stmt"/>
        <line num="82" count="1" type="stmt"/>
        <line num="83" count="1" type="stmt"/>
        <line num="85" count="1" type="stmt"/>
        <line num="86" count="1" type="stmt"/>
        <line num="88" count="1" type="cond" truecount="1" falsecount="0"/>
        <line num="89" count="6" type="cond" truecount="0" falsecount="1"/>
        <line num="90" count="6" type="stmt"/>
        <line num="91" count="6" type="stmt"/>
        <line num="92" count="6" type="stmt"/>
        <line num="94" count="1" type="stmt"/>
        <line num="95" count="1" type="cond" truecount="1" falsecount="0"/>
        <line num="96" count="1" type="stmt"/>
        <line num="98" count="1" type="stmt"/>
        <line num="99" count="1" type="stmt"/>
        <line num="101" count="5" type="cond" truecount="1" falsecount="0"/>
        <line num="102" count="5" type="stmt"/>
        <line num="103" count="5" type="stmt"/>
        <line num="104" count="5" type="stmt"/>
        <line num="105" count="5" type="stmt"/>
        <line num="106" count="5" type="stmt"/>
        <line num="107" count="5" type="stmt"/>
        <line num="108" count="5" type="stmt"/>
        <line num="110" count="5" type="stmt"/>
        <line num="111" count="5" type="stmt"/>
        <line num="113" count="5" type="cond" truecount="1" falsecount="0"/>
        <line num="114" count="30" type="cond" truecount="0" falsecount="1"/>
        <line num="115" count="30" type="stmt"/>
        <line num="116" count="30" type="stmt"/>
        <line num="117" count="30" type="stmt"/>
        <line num="119" count="5" type="stmt"/>
        <line num="120" count="5" type="cond" truecount="1" falsecount="0"/>
        <line num="121" count="5" type="stmt"/>
        <line num="123" count="5" type="stmt"/>
        <line num="124" count="5" type="cond" truecount="0" falsecount="1"/>
        <line num="125" count="5" type="stmt"/>
        <line num="126" count="5" type="stmt"/>
        <line num="130" count="7" type="cond" truecount="1" falsecount="0"/>
        <line num="131" count="7" type="stmt"/>
        <line num="132" count="7" type="stmt"/>
        <line num="133" count="7" type="stmt"/>
        <line num="134" count="7" type="stmt"/>
        <line num="135" count="7" type="stmt"/>
        <line num="136" count="7" type="stmt"/>
        <line num="137" count="7" type="cond" truecount="2" falsecount="0"/>
        <line num="138" count="1" type="stmt"/>
        <line num="139" count="1" type="stmt"/>
        <line num="140" count="1" type="stmt"/>
        <line num="141" count="1" type="cond" truecount="1" falsecount="0"/>
        <line num="143" count="6" type="stmt"/>
        <line num="144" count="6" type="stmt"/>
        <line num="146" count="6" type="stmt"/>
        <line num="147" count="6" type="stmt"/>
        <line num="149" count="7" type="cond" truecount="1" falsecount="0"/>
        <line num="150" count="15" type="cond" truecount="2" falsecount="0"/>
        <line num="151" count="9" type="cond" truecount="2" falsecount="0"/>
        <line num="152" count="8" type="stmt"/>
        <line num="153" count="8" type="stmt"/>
        <line num="154" count="8" type="cond" truecount="1" falsecount="0"/>
        <line num="156" count="6" type="stmt"/>
        <line num="157" count="6" type="stmt"/>
        <line num="158" count="6" type="stmt"/>
        <line num="160" count="6" type="cond" truecount="1" falsecount="1"/>
        <line num="162" count="6" type="stmt"/>
        <line num="163" count="6" type="stmt"/>
        <line num="164" count="6" type="stmt"/>
        <line num="168" count="4" type="cond" truecount="1" falsecount="0"/>
        <line num="169" count="4" type="stmt"/>
        <line num="170" count="4" type="stmt"/>
        <line num="171" count="4" type="stmt"/>
        <line num="172" count="4" type="stmt"/>
        <line num="173" count="4" type="stmt"/>
        <line num="174" count="4" type="stmt"/>
        <line num="175" count="4" type="cond" truecount="2" falsecount="0"/>
        <line num="176" count="1" type="stmt"/>
        <line num="177" count="1" type="stmt"/>
        <line num="178" count="1" type="stmt"/>
        <line num="179" count="1" type="cond" truecount="1" falsecount="0"/>
        <line num="181" count="3" type="stmt"/>
        <line num="182" count="3" type="stmt"/>
        <line num="183" count="3" type="stmt"/>
        <line num="184" count="3" type="stmt"/>
        <line num="186" count="3" type="stmt"/>
        <line num="187" count="3" type="stmt"/>
        <line num="189" count="4" type="cond" truecount="1" falsecount="0"/>
        <line num="190" count="21" type="cond" truecount="2" falsecount="0"/>
        <line num="191" count="18" type="cond" truecount="1" falsecount="1"/>
        <line num="192" count="18" type="stmt"/>
        <line num="193" count="18" type="stmt"/>
        <line num="194" count="18" type="cond" truecount="1" falsecount="0"/>
        <line num="196" count="3" type="stmt"/>
        <line num="197" count="3" type="cond" truecount="1" falsecount="0"/>
        <line num="199" count="3" type="cond" truecount="1" falsecount="0"/>
        <line num="200" count="3" type="cond" truecount="1" falsecount="0"/>
        <line num="201" count="3" type="stmt"/>
        <line num="202" count="3" type="stmt"/>
        <line num="203" count="3" type="stmt"/>
        <line num="205" count="3" type="stmt"/>
        <line num="206" count="3" type="stmt"/>
        <line num="207" count="3" type="stmt"/>
        <line num="211" count="2" type="cond" truecount="1" falsecount="0"/>
        <line num="212" count="2" type="stmt"/>
        <line num="213" count="2" type="stmt"/>
        <line num="214" count="2" type="stmt"/>
        <line num="215" count="2" type="stmt"/>
        <line num="216" count="2" type="stmt"/>
        <line num="217" count="2" type="stmt"/>
        <line num="218" count="2" type="stmt"/>
      </file>
      <file name="jsonb.ts" path="/home/pm/ts-dao-aston/src/entity/jsonb.ts">
        <metrics statements="25" coveredstatements="25" conditionals="15" coveredconditionals="14" methods="3" coveredmethods="3"/>
        <line num="1" count="1" type="stmt"/>
        <line num="7" count="39" type="cond" truecount="1" falsecount="0"/>
        <line num="8" count="39" type="cond" truecount="2" falsecount="0"/>
        <line num="9" count="39" type="cond" truecount="2" falsecount="0"/>
        <line num="10" count="39" type="cond" truecount="1" falsecount="1"/>
        <line num="11" count="39" type="cond" truecount="2" falsecount="0"/>
        <line num="12" count="32" type="stmt"/>
        <line num="13" count="32" type="stmt"/>
        <line num="15" count="32" type="cond" truecount="1" falsecount="0"/>
        <line num="16" count="32" type="stmt"/>
        <line num="17" count="32" type="stmt"/>
        <line num="18" count="32" type="cond" truecount="1" falsecount="0"/>
        <line num="19" count="27" type="cond" truecount="1" falsecount="0"/>
        <line num="20" count="23" type="stmt"/>
        <line num="22" count="32" type="stmt"/>
        <line num="28" count="1" type="cond" truecount="1" falsecount="0"/>
        <line num="29" count="8" type="stmt"/>
        <line num="30" count="8" type="stmt"/>
        <line num="32" count="8" type="cond" truecount="1" falsecount="0"/>
        <line num="33" count="32" type="cond" truecount="1" falsecount="0"/>
        <line num="34" count="11" type="stmt"/>
        <line num="35" count="11" type="stmt"/>
        <line num="36" count="32" type="stmt"/>
        <line num="38" count="8" type="stmt"/>
        <line num="39" count="8" type="stmt"/>
      </file>
    </package>
    <package name="src.sql">
      <metrics statements="99" coveredstatements="99" conditionals="28" coveredconditionals="28" methods="6" coveredmethods="6"/>
      <file name="named-params.ts" path="/home/pm/ts-dao-aston/src/sql/named-params.ts">
        <metrics statements="18" coveredstatements="18" conditionals="4" coveredconditionals="4" methods="1" coveredmethods="1"/>
        <line num="7" count="1" type="stmt"/>
        <line num="15" count="1" type="cond" truecount="1" falsecount="0"/>
        <line num="18" count="52" type="stmt"/>
        <line num="19" count="52" type="stmt"/>
        <line num="20" count="52" type="stmt"/>
        <line num="21" count="52" type="stmt"/>
        <line num="23" count="52" type="cond" truecount="1" falsecount="0"/>
        <line num="24" count="66" type="stmt"/>
        <line num="25" count="66" type="cond" truecount="1" falsecount="0"/>
        <line num="27" count="66" type="stmt"/>
        <line num="28" count="66" type="stmt"/>
        <line num="29" count="66" type="stmt"/>
        <line num="31" count="66" type="stmt"/>
        <line num="32" count="66" type="stmt"/>
        <line num="34" count="52" type="stmt"/>
        <line num="35" count="52" type="cond" truecount="1" falsecount="0"/>
        <line num="37" count="52" type="stmt"/>
        <line num="38" count="52" type="stmt"/>
      </file>
      <file name="optional-blocks.ts" path="/home/pm/ts-dao-aston/src/sql/optional-blocks.ts">
        <metrics statements="14" coveredstatements="14" conditionals="3" coveredconditionals="3" methods="1" coveredmethods="1"/>
        <line num="6" count="1" type="stmt"/>
        <line num="18" count="1" type="cond" truecount="1" falsecount="0"/>
        <line num="19" count="38" type="stmt"/>
        <line num="20" count="38" type="stmt"/>
        <line num="22" count="38" type="cond" truecount="1" falsecount="0"/>
        <line num="23" count="14" type="stmt"/>
        <line num="24" count="14" type="stmt"/>
        <line num="26" count="14" type="stmt"/>
        <line num="28" count="14" type="stmt"/>
        <line num="29" count="14" type="stmt"/>
        <line num="31" count="38" type="stmt"/>
        <line num="32" count="38" type="cond" truecount="1" falsecount="0"/>
        <line num="34" count="38" type="stmt"/>
        <line num="35" count="38" type="stmt"/>
      </file>
      <file name="template.ts" path="/home/pm/ts-dao-aston/src/sql/template.ts">
        <metrics statements="67" coveredstatements="67" conditionals="21" coveredconditionals="21" methods="4" coveredmethods="4"/>
        <line num="1" count="1" type="stmt"/>
        <line num="2" count="1" type="stmt"/>
        <line num="3" count="1" type="stmt"/>
        <line num="20" count="1" type="stmt"/>
        <line num="22" count="1" type="cond" truecount="1" falsecount="0"/>
        <line num="23" count="74" type="stmt"/>
        <line num="24" count="74" type="cond" truecount="2" falsecount="0"/>
        <line num="26" count="34" type="stmt"/>
        <line num="28" count="34" type="cond" truecount="1" falsecount="0"/>
        <line num="29" count="46" type="stmt"/>
        <line num="30" count="46" type="stmt"/>
        <line num="31" count="46" type="stmt"/>
        <line num="32" count="46" type="stmt"/>
        <line num="33" count="46" type="stmt"/>
        <line num="34" count="46" type="stmt"/>
        <line num="35" count="34" type="stmt"/>
        <line num="37" count="34" type="stmt"/>
        <line num="38" count="34" type="stmt"/>
        <line num="39" count="34" type="stmt"/>
        <line num="40" count="34" type="stmt"/>
        <line num="42" count="1" type="cond" truecount="1" falsecount="0"/>
        <line num="43" count="70" type="stmt"/>
        <line num="44" count="70" type="stmt"/>
        <line num="45" count="70" type="stmt"/>
        <line num="46" count="70" type="cond" truecount="1" falsecount="0"/>
        <line num="47" count="70" type="stmt"/>
        <line num="48" count="70" type="stmt"/>
        <line num="49" count="70" type="stmt"/>
        <line num="51" count="70" type="cond" truecount="1" falsecount="0"/>
        <line num="52" count="82" type="cond" truecount="1" falsecount="0"/>
        <line num="53" count="10" type="stmt"/>
        <line num="54" count="10" type="cond" truecount="2" falsecount="0"/>
        <line num="55" count="10" type="stmt"/>
        <line num="56" count="10" type="cond" truecount="1" falsecount="0"/>
        <line num="57" count="10" type="cond" truecount="1" falsecount="0"/>
        <line num="59" count="82" type="cond" truecount="1" falsecount="0"/>
        <line num="60" count="295" type="cond" truecount="1" falsecount="0"/>
        <line num="61" count="168" type="stmt"/>
        <line num="62" count="168" type="stmt"/>
        <line num="63" count="168" type="cond" truecount="1" falsecount="0"/>
        <line num="65" count="127" type="stmt"/>
        <line num="66" count="127" type="stmt"/>
        <line num="68" count="295" type="cond" truecount="1" falsecount="0"/>
        <line num="69" count="5" type="stmt"/>
        <line num="70" count="5" type="cond" truecount="1" falsecount="0"/>
        <line num="71" count="12" type="stmt"/>
        <line num="72" count="12" type="stmt"/>
        <line num="73" count="12" type="stmt"/>
        <line num="74" count="5" type="stmt"/>
        <line num="75" count="295" type="cond" truecount="1" falsecount="0"/>
        <line num="76" count="122" type="stmt"/>
        <line num="77" count="122" type="stmt"/>
        <line num="78" count="122" type="stmt"/>
        <line num="79" count="295" type="cond" truecount="1" falsecount="0"/>
        <line num="80" count="76" type="stmt"/>
        <line num="82" count="70" type="stmt"/>
        <line num="83" count="70" type="stmt"/>
        <line num="85" count="1" type="cond" truecount="1" falsecount="0"/>
        <line num="86" count="62" type="stmt"/>
        <line num="87" count="62" type="stmt"/>
        <line num="88" count="62" type="stmt"/>
        <line num="89" count="62" type="stmt"/>
        <line num="90" count="62" type="stmt"/>
        <line num="91" count="62" type="stmt"/>
        <line num="93" count="1" type="cond" truecount="1" falsecount="0"/>
        <line num="94" count="12" type="stmt"/>
        <line num="95" count="12" type="stmt"/>
      </file>
    </package>
  </project>
</coverage>
