{"/home/pm/ts-dao-aston/src/config.ts": {"path":"/home/pm/ts-dao-aston/src/config.ts","all":false,"statementMap":{"0":{"start":{"line":1,"column":0},"end":{"line":1,"column":42}},"7":{"start":{"line":8,"column":0},"end":{"line":8,"column":28}},"9":{"start":{"line":10,"column":0},"end":{"line":10,"column":52}},"10":{"start":{"line":11,"column":0},"end":{"line":11,"column":13}},"11":{"start":{"line":12,"column":0},"end":{"line":12,"column":30}},"12":{"start":{"line":13,"column":0},"end":{"line":13,"column":3}},"14":{"start":{"line":15,"column":0},"end":{"line":15,"column":36}},"15":{"start":{"line":16,"column":0},"end":{"line":16,"column":22}},"16":{"start":{"line":17,"column":0},"end":{"line":17,"column":10}},"17":{"start":{"line":18,"column":0},"end":{"line":18,"column":21}},"18":{"start":{"line":19,"column":0},"end":{"line":19,"column":48}},"19":{"start":{"line":20,"column":0},"end":{"line":20,"column":21}},"20":{"start":{"line":21,"column":0},"end":{"line":21,"column":6}},"21":{"start":{"line":22,"column":0},"end":{"line":22,"column":3}},"22":{"start":{"line":23,"column":0},"end":{"line":23,"column":1}},"24":{"start":{"line":25,"column":0},"end":{"line":25,"column":33}},"25":{"start":{"line":26,"column":0},"end":{"line":26,"column":14}},"26":{"start":{"line":27,"column":0},"end":{"line":27,"column":20}},"27":{"start":{"line":28,"column":0},"end":{"line":28,"column":67}},"28":{"start":{"line":29,"column":0},"end":{"line":29,"column":5}},"29":{"start":{"line":30,"column":0},"end":{"line":30,"column":3}},"30":{"start":{"line":31,"column":0},"end":{"line":31,"column":13}},"31":{"start":{"line":32,"column":0},"end":{"line":32,"column":1}},"33":{"start":{"line":34,"column":0},"end":{"line":34,"column":52}},"34":{"start":{"line":35,"column":0},"end":{"line":35,"column":13}},"35":{"start":{"line":36,"column":0},"end":{"line":36,"column":20}},"36":{"start":{"line":37,"column":0},"end":{"line":37,"column":15}},"37":{"start":{"line":38,"column":0},"end":{"line":38,"column":3}},"38":{"start":{"line":39,"column":0},"end":{"line":39,"column":1}}},"s":{"0":1,"7":1,"9":1,"10":3,"11":0,"12":0,"14":3,"15":0,"16":3,"17":3,"18":3,"19":3,"20":3,"21":3,"22":3,"24":1,"25":125,"26":0,"27":0,"28":0,"29":0,"30":125,"31":125,"33":3,"34":3,"35":3,"36":3,"37":3,"38":3},"branchMap":{"0":{"type":"branch","line":10,"loc":{"start":{"line":10,"column":7},"end":{"line":23,"column":1}},"locations":[{"start":{"line":10,"column":7},"end":{"line":23,"column":1}}]},"1":{"type":"branch","line":11,"loc":{"start":{"line":11,"column":12},"end":{"line":13,"column":3}},"locations":[{"start":{"line":11,"column":12},"end":{"line":13,"column":3}}]},"2":{"type":"branch","line":15,"loc":{"start":{"line":15,"column":35},"end":{"line":17,"column":9}},"locations":[{"start":{"line":15,"column":35},"end":{"line":17,"column":9}}]},"3":{"type":"branch","line":25,"loc":{"start":{"line":25,"column":7},"end":{"line":32,"column":1}},"locations":[{"start":{"line":25,"column":7},"end":{"line":32,"column":1}}]},"4":{"type":"branch","line":26,"loc":{"start":{"line":26,"column":13},"end":{"line":30,"column":3}},"locations":[{"start":{"line":26,"column":13},"end":{"line":30,"column":3}}]},"5":{"type":"branch","line":34,"loc":{"start":{"line":34,"column":0},"end":{"line":39,"column":1}},"locations":[{"start":{"line":34,"column":0},"end":{"line":39,"column":1}}]}},"b":{"0":[3],"1":[0],"2":[0],"3":[125],"4":[0],"5":[3]},"fnMap":{"0":{"name":"configure","decl":{"start":{"line":10,"column":7},"end":{"line":23,"column":1}},"loc":{"start":{"line":10,"column":7},"end":{"line":23,"column":1}},"line":10},"1":{"name":"getPool","decl":{"start":{"line":25,"column":7},"end":{"line":32,"column":1}},"loc":{"start":{"line":25,"column":7},"end":{"line":32,"column":1}},"line":25},"2":{"name":"destroyPool","decl":{"start":{"line":34,"column":0},"end":{"line":39,"column":1}},"loc":{"start":{"line":34,"column":0},"end":{"line":39,"column":1}},"line":34}},"f":{"0":3,"1":125,"2":3}}
,"/home/pm/ts-dao-aston/src/errors.ts": {"path":"/home/pm/ts-dao-aston/src/errors.ts","all":false,"statementMap":{"0":{"start":{"line":1,"column":0},"end":{"line":1,"column":37}},"1":{"start":{"line":2,"column":0},"end":{"line":2,"column":32}},"2":{"start":{"line":3,"column":0},"end":{"line":3,"column":18}},"3":{"start":{"line":4,"column":0},"end":{"line":4,"column":26}},"4":{"start":{"line":5,"column":0},"end":{"line":5,"column":3}},"5":{"start":{"line":6,"column":0},"end":{"line":6,"column":1}},"7":{"start":{"line":8,"column":0},"end":{"line":8,"column":43}},"8":{"start":{"line":9,"column":0},"end":{"line":9,"column":28}},"9":{"start":{"line":10,"column":0},"end":{"line":10,"column":71}},"10":{"start":{"line":11,"column":0},"end":{"line":11,"column":29}},"11":{"start":{"line":12,"column":0},"end":{"line":12,"column":3}},"12":{"start":{"line":13,"column":0},"end":{"line":13,"column":1}},"14":{"start":{"line":15,"column":0},"end":{"line":15,"column":48}},"15":{"start":{"line":16,"column":0},"end":{"line":16,"column":43}},"16":{"start":{"line":17,"column":0},"end":{"line":17,"column":10}},"17":{"start":{"line":18,"column":0},"end":{"line":18,"column":74}},"18":{"start":{"line":19,"column":0},"end":{"line":19,"column":5}},"19":{"start":{"line":20,"column":0},"end":{"line":20,"column":34}},"20":{"start":{"line":21,"column":0},"end":{"line":21,"column":3}},"21":{"start":{"line":22,"column":0},"end":{"line":22,"column":1}}},"s":{"0":1,"1":1,"2":3,"3":3,"4":3,"5":1,"7":1,"8":1,"9":2,"10":2,"11":2,"12":1,"14":1,"15":1,"16":1,"17":1,"18":1,"19":1,"20":1,"21":1},"branchMap":{"0":{"type":"branch","line":2,"loc":{"start":{"line":2,"column":2},"end":{"line":5,"column":3}},"locations":[{"start":{"line":2,"column":2},"end":{"line":5,"column":3}}]},"1":{"type":"branch","line":9,"loc":{"start":{"line":9,"column":2},"end":{"line":12,"column":3}},"locations":[{"start":{"line":9,"column":2},"end":{"line":12,"column":3}}]},"2":{"type":"branch","line":16,"loc":{"start":{"line":16,"column":2},"end":{"line":21,"column":3}},"locations":[{"start":{"line":16,"column":2},"end":{"line":21,"column":3}}]}},"b":{"0":[3],"1":[2],"2":[1]},"fnMap":{"0":{"name":"DaoError","decl":{"start":{"line":2,"column":2},"end":{"line":5,"column":3}},"loc":{"start":{"line":2,"column":2},"end":{"line":5,"column":3}},"line":2},"1":{"name":"NoRowsError","decl":{"start":{"line":9,"column":2},"end":{"line":12,"column":3}},"loc":{"start":{"line":9,"column":2},"end":{"line":12,"column":3}},"line":9},"2":{"name":"TooManyRowsError","decl":{"start":{"line":16,"column":2},"end":{"line":21,"column":3}},"loc":{"start":{"line":16,"column":2},"end":{"line":21,"column":3}},"line":16}},"f":{"0":3,"1":2,"2":1}}
,"/home/pm/ts-dao-aston/src/index.ts": {"path":"/home/pm/ts-dao-aston/src/index.ts","all":false,"statementMap":{"0":{"start":{"line":1,"column":0},"end":{"line":1,"column":52}},"1":{"start":{"line":2,"column":0},"end":{"line":2,"column":83}},"2":{"start":{"line":3,"column":0},"end":{"line":3,"column":55}},"3":{"start":{"line":4,"column":0},"end":{"line":4,"column":8}},"13":{"start":{"line":14,"column":0},"end":{"line":14,"column":60}},"14":{"start":{"line":15,"column":0},"end":{"line":15,"column":69}}},"s":{"0":1,"1":1,"2":1,"3":1,"13":1,"14":1},"branchMap":{},"b":{},"fnMap":{},"f":{}}
,"/home/pm/ts-dao-aston/src/types.ts": {"path":"/home/pm/ts-dao-aston/src/types.ts","all":false,"statementMap":{"2":{"start":{"line":3,"column":0},"end":{"line":3,"column":37}},"9":{"start":{"line":10,"column":0},"end":{"line":10,"column":60}},"10":{"start":{"line":11,"column":0},"end":{"line":11,"column":28}},"11":{"start":{"line":12,"column":0},"end":{"line":12,"column":58}},"12":{"start":{"line":13,"column":0},"end":{"line":13,"column":3}},"13":{"start":{"line":14,"column":0},"end":{"line":14,"column":42}},"14":{"start":{"line":15,"column":0},"end":{"line":15,"column":1}},"16":{"start":{"line":17,"column":0},"end":{"line":17,"column":59}},"17":{"start":{"line":18,"column":0},"end":{"line":18,"column":10}},"18":{"start":{"line":19,"column":0},"end":{"line":19,"column":32}},"19":{"start":{"line":20,"column":0},"end":{"line":20,"column":21}},"20":{"start":{"line":21,"column":0},"end":{"line":21,"column":25}},"21":{"start":{"line":22,"column":0},"end":{"line":22,"column":46}},"23":{"start":{"line":24,"column":0},"end":{"line":24,"column":1}}},"s":{"2":1,"9":1,"10":5,"11":0,"12":0,"13":5,"14":5,"16":1,"17":127,"18":127,"19":27,"20":5,"21":5,"23":127},"branchMap":{"0":{"type":"branch","line":10,"loc":{"start":{"line":10,"column":7},"end":{"line":15,"column":1}},"locations":[{"start":{"line":10,"column":7},"end":{"line":15,"column":1}}]},"1":{"type":"branch","line":11,"loc":{"start":{"line":11,"column":27},"end":{"line":13,"column":3}},"locations":[{"start":{"line":11,"column":27},"end":{"line":13,"column":3}}]},"2":{"type":"branch","line":17,"loc":{"start":{"line":17,"column":7},"end":{"line":24,"column":1}},"locations":[{"start":{"line":17,"column":7},"end":{"line":24,"column":1}}]},"3":{"type":"branch","line":19,"loc":{"start":{"line":19,"column":21},"end":{"line":20,"column":21}},"locations":[{"start":{"line":19,"column":21},"end":{"line":20,"column":21}}]},"4":{"type":"branch","line":20,"loc":{"start":{"line":20,"column":14},"end":{"line":21,"column":25}},"locations":[{"start":{"line":20,"column":14},"end":{"line":21,"column":25}}]},"5":{"type":"branch","line":21,"loc":{"start":{"line":21,"column":17},"end":{"line":22,"column":46}},"locations":[{"start":{"line":21,"column":17},"end":{"line":22,"column":46}}]}},"b":{"0":[5],"1":[0],"2":[127],"3":[27],"4":[5],"5":[5]},"fnMap":{"0":{"name":"spread","decl":{"start":{"line":10,"column":7},"end":{"line":15,"column":1}},"loc":{"start":{"line":10,"column":7},"end":{"line":15,"column":1}},"line":10},"1":{"name":"isSpread","decl":{"start":{"line":17,"column":7},"end":{"line":24,"column":1}},"loc":{"start":{"line":17,"column":7},"end":{"line":24,"column":1}},"line":17}},"f":{"0":5,"1":127}}
,"/home/pm/ts-dao-aston/src/core/query.ts": {"path":"/home/pm/ts-dao-aston/src/core/query.ts","all":false,"statementMap":{"0":{"start":{"line":1,"column":0},"end":{"line":1,"column":38}},"1":{"start":{"line":2,"column":0},"end":{"line":2,"column":49}},"2":{"start":{"line":3,"column":0},"end":{"line":3,"column":60}},"5":{"start":{"line":6,"column":0},"end":{"line":6,"column":27}},"6":{"start":{"line":7,"column":0},"end":{"line":7,"column":14}},"7":{"start":{"line":8,"column":0},"end":{"line":8,"column":32}},"8":{"start":{"line":9,"column":0},"end":{"line":9,"column":21}},"9":{"start":{"line":10,"column":0},"end":{"line":10,"column":45}},"10":{"start":{"line":11,"column":0},"end":{"line":11,"column":64}},"11":{"start":{"line":12,"column":0},"end":{"line":12,"column":34}},"12":{"start":{"line":13,"column":0},"end":{"line":13,"column":58}},"13":{"start":{"line":14,"column":0},"end":{"line":14,"column":69}},"14":{"start":{"line":15,"column":0},"end":{"line":15,"column":1}},"16":{"start":{"line":17,"column":0},"end":{"line":17,"column":35}},"17":{"start":{"line":18,"column":0},"end":{"line":18,"column":14}},"18":{"start":{"line":19,"column":0},"end":{"line":19,"column":21}},"19":{"start":{"line":20,"column":0},"end":{"line":20,"column":10}},"20":{"start":{"line":21,"column":0},"end":{"line":21,"column":15}},"21":{"start":{"line":22,"column":0},"end":{"line":22,"column":63}},"22":{"start":{"line":23,"column":0},"end":{"line":23,"column":48}},"23":{"start":{"line":24,"column":0},"end":{"line":24,"column":61}},"24":{"start":{"line":25,"column":0},"end":{"line":25,"column":17}},"25":{"start":{"line":26,"column":0},"end":{"line":26,"column":1}},"27":{"start":{"line":28,"column":0},"end":{"line":28,"column":34}},"28":{"start":{"line":29,"column":0},"end":{"line":29,"column":14}},"29":{"start":{"line":30,"column":0},"end":{"line":30,"column":21}},"30":{"start":{"line":31,"column":0},"end":{"line":31,"column":10}},"31":{"start":{"line":32,"column":0},"end":{"line":32,"column":22}},"32":{"start":{"line":33,"column":0},"end":{"line":33,"column":63}},"33":{"start":{"line":34,"column":0},"end":{"line":34,"column":33}},"34":{"start":{"line":35,"column":0},"end":{"line":35,"column":61}},"35":{"start":{"line":36,"column":0},"end":{"line":36,"column":17}},"36":{"start":{"line":37,"column":0},"end":{"line":37,"column":1}},"38":{"start":{"line":39,"column":0},"end":{"line":39,"column":32}},"39":{"start":{"line":40,"column":0},"end":{"line":40,"column":14}},"40":{"start":{"line":41,"column":0},"end":{"line":41,"column":21}},"41":{"start":{"line":42,"column":0},"end":{"line":42,"column":10}},"42":{"start":{"line":43,"column":0},"end":{"line":43,"column":17}},"43":{"start":{"line":44,"column":0},"end":{"line":44,"column":53}},"44":{"start":{"line":45,"column":0},"end":{"line":45,"column":13}},"45":{"start":{"line":46,"column":0},"end":{"line":46,"column":1}},"47":{"start":{"line":48,"column":0},"end":{"line":48,"column":30}},"48":{"start":{"line":49,"column":0},"end":{"line":49,"column":14}},"49":{"start":{"line":50,"column":0},"end":{"line":50,"column":21}},"50":{"start":{"line":51,"column":0},"end":{"line":51,"column":10}},"51":{"start":{"line":52,"column":0},"end":{"line":52,"column":18}},"52":{"start":{"line":53,"column":0},"end":{"line":53,"column":33}},"53":{"start":{"line":54,"column":0},"end":{"line":54,"column":1}},"55":{"start":{"line":56,"column":0},"end":{"line":56,"column":34}},"56":{"start":{"line":57,"column":0},"end":{"line":57,"column":14}},"57":{"start":{"line":58,"column":0},"end":{"line":58,"column":21}},"58":{"start":{"line":59,"column":0},"end":{"line":59,"column":10}},"59":{"start":{"line":60,"column":0},"end":{"line":60,"column":20}},"60":{"start":{"line":61,"column":0},"end":{"line":61,"column":66}},"61":{"start":{"line":62,"column":0},"end":{"line":62,"column":42}},"62":{"start":{"line":63,"column":0},"end":{"line":63,"column":19}},"63":{"start":{"line":64,"column":0},"end":{"line":64,"column":1}}},"s":{"0":1,"1":1,"2":1,"5":27,"6":27,"7":27,"8":27,"9":27,"10":27,"11":27,"12":27,"13":27,"14":27,"16":5,"17":5,"18":5,"19":5,"20":5,"21":5,"22":5,"23":5,"24":3,"25":3,"27":2,"28":2,"29":2,"30":2,"31":2,"32":2,"33":2,"34":2,"35":1,"36":1,"38":12,"39":12,"40":12,"41":12,"42":12,"43":12,"44":12,"45":12,"47":7,"48":7,"49":7,"50":7,"51":7,"52":7,"53":7,"55":1,"56":1,"57":1,"58":1,"59":1,"60":1,"61":1,"62":1,"63":1},"branchMap":{"0":{"type":"branch","line":6,"loc":{"start":{"line":6,"column":0},"end":{"line":15,"column":1}},"locations":[{"start":{"line":6,"column":0},"end":{"line":15,"column":1}}]},"1":{"type":"branch","line":12,"loc":{"start":{"line":12,"column":19},"end":{"line":12,"column":34}},"locations":[{"start":{"line":12,"column":19},"end":{"line":12,"column":34}}]},"2":{"type":"branch","line":14,"loc":{"start":{"line":14,"column":54},"end":{"line":14,"column":68}},"locations":[{"start":{"line":14,"column":54},"end":{"line":14,"column":68}}]},"3":{"type":"branch","line":17,"loc":{"start":{"line":17,"column":0},"end":{"line":26,"column":1}},"locations":[{"start":{"line":17,"column":0},"end":{"line":26,"column":1}}]},"4":{"type":"branch","line":23,"loc":{"start":{"line":23,"column":22},"end":{"line":23,"column":48}},"locations":[{"start":{"line":23,"column":22},"end":{"line":23,"column":48}}]},"5":{"type":"branch","line":23,"loc":{"start":{"line":23,"column":47},"end":{"line":24,"column":26}},"locations":[{"start":{"line":23,"column":47},"end":{"line":24,"column":26}}]},"6":{"type":"branch","line":24,"loc":{"start":{"line":24,"column":20},"end":{"line":24,"column":61}},"locations":[{"start":{"line":24,"column":20},"end":{"line":24,"column":61}}]},"7":{"type":"branch","line":24,"loc":{"start":{"line":24,"column":60},"end":{"line":26,"column":1}},"locations":[{"start":{"line":24,"column":60},"end":{"line":26,"column":1}}]},"8":{"type":"branch","line":28,"loc":{"start":{"line":28,"column":0},"end":{"line":37,"column":1}},"locations":[{"start":{"line":28,"column":0},"end":{"line":37,"column":1}}]},"9":{"type":"branch","line":34,"loc":{"start":{"line":34,"column":22},"end":{"line":35,"column":26}},"locations":[{"start":{"line":34,"column":22},"end":{"line":35,"column":26}}]},"10":{"type":"branch","line":35,"loc":{"start":{"line":35,"column":20},"end":{"line":35,"column":61}},"locations":[{"start":{"line":35,"column":20},"end":{"line":35,"column":61}}]},"11":{"type":"branch","line":35,"loc":{"start":{"line":35,"column":60},"end":{"line":37,"column":1}},"locations":[{"start":{"line":35,"column":60},"end":{"line":37,"column":1}}]},"12":{"type":"branch","line":39,"loc":{"start":{"line":39,"column":0},"end":{"line":46,"column":1}},"locations":[{"start":{"line":39,"column":0},"end":{"line":46,"column":1}}]},"13":{"type":"branch","line":48,"loc":{"start":{"line":48,"column":0},"end":{"line":54,"column":1}},"locations":[{"start":{"line":48,"column":0},"end":{"line":54,"column":1}}]},"14":{"type":"branch","line":56,"loc":{"start":{"line":56,"column":0},"end":{"line":64,"column":1}},"locations":[{"start":{"line":56,"column":0},"end":{"line":64,"column":1}}]},"15":{"type":"branch","line":62,"loc":{"start":{"line":62,"column":16},"end":{"line":62,"column":42}},"locations":[{"start":{"line":62,"column":16},"end":{"line":62,"column":42}}]}},"b":{"0":[27],"1":[20],"2":[0],"3":[5],"4":[1],"5":[4],"6":[1],"7":[3],"8":[2],"9":[1],"10":[0],"11":[1],"12":[12],"13":[7],"14":[1],"15":[0]},"fnMap":{"0":{"name":"rawQuery","decl":{"start":{"line":6,"column":0},"end":{"line":15,"column":1}},"loc":{"start":{"line":6,"column":0},"end":{"line":15,"column":1}},"line":6},"1":{"name":"selectOne","decl":{"start":{"line":17,"column":0},"end":{"line":26,"column":1}},"loc":{"start":{"line":17,"column":0},"end":{"line":26,"column":1}},"line":17},"2":{"name":"maybeOne","decl":{"start":{"line":28,"column":0},"end":{"line":37,"column":1}},"loc":{"start":{"line":28,"column":0},"end":{"line":37,"column":1}},"line":28},"3":{"name":"select","decl":{"start":{"line":39,"column":0},"end":{"line":46,"column":1}},"loc":{"start":{"line":39,"column":0},"end":{"line":46,"column":1}},"line":39},"4":{"name":"execute","decl":{"start":{"line":48,"column":0},"end":{"line":54,"column":1}},"loc":{"start":{"line":48,"column":0},"end":{"line":54,"column":1}},"line":48},"5":{"name":"insertGetId","decl":{"start":{"line":56,"column":0},"end":{"line":64,"column":1}},"loc":{"start":{"line":56,"column":0},"end":{"line":64,"column":1}},"line":56}},"f":{"0":27,"1":5,"2":2,"3":12,"4":7,"5":1}}
,"/home/pm/ts-dao-aston/src/core/transaction.ts": {"path":"/home/pm/ts-dao-aston/src/core/transaction.ts","all":false,"statementMap":{"0":{"start":{"line":1,"column":0},"end":{"line":1,"column":38}},"3":{"start":{"line":4,"column":0},"end":{"line":4,"column":41}},"4":{"start":{"line":5,"column":0},"end":{"line":5,"column":29}},"5":{"start":{"line":6,"column":0},"end":{"line":6,"column":15}},"6":{"start":{"line":7,"column":0},"end":{"line":7,"column":42}},"7":{"start":{"line":8,"column":0},"end":{"line":8,"column":7}},"8":{"start":{"line":9,"column":0},"end":{"line":9,"column":31}},"9":{"start":{"line":10,"column":0},"end":{"line":10,"column":35}},"10":{"start":{"line":11,"column":0},"end":{"line":11,"column":32}},"11":{"start":{"line":12,"column":0},"end":{"line":12,"column":17}},"12":{"start":{"line":13,"column":0},"end":{"line":13,"column":17}},"13":{"start":{"line":14,"column":0},"end":{"line":14,"column":34}},"14":{"start":{"line":15,"column":0},"end":{"line":15,"column":13}},"15":{"start":{"line":16,"column":0},"end":{"line":16,"column":13}},"16":{"start":{"line":17,"column":0},"end":{"line":17,"column":20}},"17":{"start":{"line":18,"column":0},"end":{"line":18,"column":3}},"18":{"start":{"line":19,"column":0},"end":{"line":19,"column":1}}},"s":{"0":1,"3":5,"4":5,"5":5,"6":5,"7":5,"8":5,"9":5,"10":4,"11":4,"12":5,"13":1,"14":1,"15":5,"16":5,"17":5,"18":5},"branchMap":{"0":{"type":"branch","line":4,"loc":{"start":{"line":4,"column":0},"end":{"line":19,"column":1}},"locations":[{"start":{"line":4,"column":0},"end":{"line":19,"column":1}}]},"1":{"type":"branch","line":10,"loc":{"start":{"line":10,"column":34},"end":{"line":13,"column":11}},"locations":[{"start":{"line":10,"column":34},"end":{"line":13,"column":11}}]},"2":{"type":"branch","line":13,"loc":{"start":{"line":13,"column":2},"end":{"line":16,"column":4}},"locations":[{"start":{"line":13,"column":2},"end":{"line":16,"column":4}}]},"3":{"type":"branch","line":16,"loc":{"start":{"line":16,"column":2},"end":{"line":16,"column":4}},"locations":[{"start":{"line":16,"column":2},"end":{"line":16,"column":4}}]}},"b":{"0":[5],"1":[4],"2":[1],"3":[0]},"fnMap":{"0":{"name":"withTransaction","decl":{"start":{"line":4,"column":0},"end":{"line":19,"column":1}},"loc":{"start":{"line":4,"column":0},"end":{"line":19,"column":1}},"line":4}},"f":{"0":5}}
,"/home/pm/ts-dao-aston/src/entity/entity-config.ts": {"path":"/home/pm/ts-dao-aston/src/entity/entity-config.ts","all":true,"statementMap":{},"s":{},"branchMap":{"0":{"type":"branch","line":1,"loc":{"start":{"line":1,"column":226},"end":{"line":9,"column":1}},"locations":[{"start":{"line":1,"column":226},"end":{"line":9,"column":1}}]}},"b":{"0":[1]},"fnMap":{"0":{"name":"(empty-report)","decl":{"start":{"line":1,"column":226},"end":{"line":9,"column":1}},"loc":{"start":{"line":1,"column":226},"end":{"line":9,"column":1}},"line":1}},"f":{"0":1}}
,"/home/pm/ts-dao-aston/src/entity/entity-ops.ts": {"path":"/home/pm/ts-dao-aston/src/entity/entity-ops.ts","all":false,"statementMap":{"3":{"start":{"line":4,"column":0},"end":{"line":4,"column":47}},"4":{"start":{"line":5,"column":0},"end":{"line":5,"column":38}},"5":{"start":{"line":6,"column":0},"end":{"line":6,"column":49}},"6":{"start":{"line":7,"column":0},"end":{"line":7,"column":42}},"10":{"start":{"line":11,"column":0},"end":{"line":11,"column":69}},"12":{"start":{"line":13,"column":0},"end":{"line":13,"column":68}},"13":{"start":{"line":14,"column":0},"end":{"line":14,"column":35}},"14":{"start":{"line":15,"column":0},"end":{"line":15,"column":14}},"15":{"start":{"line":16,"column":0},"end":{"line":16,"column":37}},"16":{"start":{"line":17,"column":0},"end":{"line":17,"column":32}},"17":{"start":{"line":18,"column":0},"end":{"line":18,"column":3}},"18":{"start":{"line":19,"column":0},"end":{"line":19,"column":13}},"19":{"start":{"line":20,"column":0},"end":{"line":20,"column":1}},"21":{"start":{"line":22,"column":0},"end":{"line":22,"column":57}},"22":{"start":{"line":23,"column":0},"end":{"line":23,"column":43}},"23":{"start":{"line":24,"column":0},"end":{"line":24,"column":50}},"24":{"start":{"line":25,"column":0},"end":{"line":25,"column":50}},"25":{"start":{"line":26,"column":0},"end":{"line":26,"column":13}},"26":{"start":{"line":27,"column":0},"end":{"line":27,"column":1}},"28":{"start":{"line":29,"column":0},"end":{"line":29,"column":24}},"29":{"start":{"line":30,"column":0},"end":{"line":30,"column":17}},"30":{"start":{"line":31,"column":0},"end":{"line":31,"column":14}},"31":{"start":{"line":32,"column":0},"end":{"line":32,"column":25}},"32":{"start":{"line":33,"column":0},"end":{"line":33,"column":12}},"33":{"start":{"line":34,"column":0},"end":{"line":34,"column":57}},"34":{"start":{"line":35,"column":0},"end":{"line":35,"column":54}},"35":{"start":{"line":36,"column":0},"end":{"line":36,"column":14}},"36":{"start":{"line":37,"column":0},"end":{"line":37,"column":1}},"38":{"start":{"line":39,"column":0},"end":{"line":39,"column":29}},"39":{"start":{"line":40,"column":0},"end":{"line":40,"column":14}},"40":{"start":{"line":41,"column":0},"end":{"line":41,"column":34}},"41":{"start":{"line":42,"column":0},"end":{"line":42,"column":21}},"42":{"start":{"line":43,"column":0},"end":{"line":43,"column":17}},"43":{"start":{"line":44,"column":0},"end":{"line":44,"column":61}},"44":{"start":{"line":45,"column":0},"end":{"line":45,"column":34}},"45":{"start":{"line":46,"column":0},"end":{"line":46,"column":55}},"46":{"start":{"line":47,"column":0},"end":{"line":47,"column":27}},"47":{"start":{"line":48,"column":0},"end":{"line":48,"column":1}},"51":{"start":{"line":52,"column":0},"end":{"line":52,"column":66}},"52":{"start":{"line":53,"column":0},"end":{"line":53,"column":26}},"53":{"start":{"line":54,"column":0},"end":{"line":54,"column":13}},"54":{"start":{"line":55,"column":0},"end":{"line":55,"column":10}},"55":{"start":{"line":56,"column":0},"end":{"line":56,"column":23}},"56":{"start":{"line":57,"column":0},"end":{"line":57,"column":68}},"57":{"start":{"line":58,"column":0},"end":{"line":58,"column":48}},"58":{"start":{"line":59,"column":0},"end":{"line":59,"column":51}},"59":{"start":{"line":60,"column":0},"end":{"line":60,"column":37}},"60":{"start":{"line":61,"column":0},"end":{"line":61,"column":1}},"62":{"start":{"line":63,"column":0},"end":{"line":63,"column":68}},"63":{"start":{"line":64,"column":0},"end":{"line":64,"column":26}},"64":{"start":{"line":65,"column":0},"end":{"line":65,"column":13}},"65":{"start":{"line":66,"column":0},"end":{"line":66,"column":10}},"66":{"start":{"line":67,"column":0},"end":{"line":67,"column":30}},"67":{"start":{"line":68,"column":0},"end":{"line":68,"column":68}},"68":{"start":{"line":69,"column":0},"end":{"line":69,"column":48}},"69":{"start":{"line":70,"column":0},"end":{"line":70,"column":36}},"70":{"start":{"line":71,"column":0},"end":{"line":71,"column":37}},"71":{"start":{"line":72,"column":0},"end":{"line":72,"column":1}},"75":{"start":{"line":76,"column":0},"end":{"line":76,"column":69}},"76":{"start":{"line":77,"column":0},"end":{"line":77,"column":26}},"77":{"start":{"line":78,"column":0},"end":{"line":78,"column":32}},"78":{"start":{"line":79,"column":0},"end":{"line":79,"column":10}},"79":{"start":{"line":80,"column":0},"end":{"line":80,"column":18}},"80":{"start":{"line":81,"column":0},"end":{"line":81,"column":37}},"81":{"start":{"line":82,"column":0},"end":{"line":82,"column":47}},"82":{"start":{"line":83,"column":0},"end":{"line":83,"column":45}},"84":{"start":{"line":85,"column":0},"end":{"line":85,"column":27}},"85":{"start":{"line":86,"column":0},"end":{"line":86,"column":44}},"87":{"start":{"line":88,"column":0},"end":{"line":88,"column":51}},"88":{"start":{"line":89,"column":0},"end":{"line":89,"column":34}},"89":{"start":{"line":90,"column":0},"end":{"line":90,"column":18}},"90":{"start":{"line":91,"column":0},"end":{"line":91,"column":55}},"91":{"start":{"line":92,"column":0},"end":{"line":92,"column":3}},"93":{"start":{"line":94,"column":0},"end":{"line":94,"column":33}},"94":{"start":{"line":95,"column":0},"end":{"line":95,"column":53}},"95":{"start":{"line":96,"column":0},"end":{"line":96,"column":76}},"97":{"start":{"line":98,"column":0},"end":{"line":98,"column":35}},"98":{"start":{"line":99,"column":0},"end":{"line":99,"column":1}},"100":{"start":{"line":101,"column":0},"end":{"line":101,"column":75}},"101":{"start":{"line":102,"column":0},"end":{"line":102,"column":26}},"102":{"start":{"line":103,"column":0},"end":{"line":103,"column":32}},"103":{"start":{"line":104,"column":0},"end":{"line":104,"column":10}},"104":{"start":{"line":105,"column":0},"end":{"line":105,"column":20}},"105":{"start":{"line":106,"column":0},"end":{"line":106,"column":37}},"106":{"start":{"line":107,"column":0},"end":{"line":107,"column":47}},"107":{"start":{"line":108,"column":0},"end":{"line":108,"column":45}},"109":{"start":{"line":110,"column":0},"end":{"line":110,"column":27}},"110":{"start":{"line":111,"column":0},"end":{"line":111,"column":44}},"112":{"start":{"line":113,"column":0},"end":{"line":113,"column":51}},"113":{"start":{"line":114,"column":0},"end":{"line":114,"column":34}},"114":{"start":{"line":115,"column":0},"end":{"line":115,"column":18}},"115":{"start":{"line":116,"column":0},"end":{"line":116,"column":55}},"116":{"start":{"line":117,"column":0},"end":{"line":117,"column":3}},"118":{"start":{"line":119,"column":0},"end":{"line":119,"column":33}},"119":{"start":{"line":120,"column":0},"end":{"line":120,"column":53}},"120":{"start":{"line":121,"column":0},"end":{"line":121,"column":99}},"122":{"start":{"line":123,"column":0},"end":{"line":123,"column":72}},"123":{"start":{"line":124,"column":0},"end":{"line":124,"column":42}},"124":{"start":{"line":125,"column":0},"end":{"line":125,"column":28}},"125":{"start":{"line":126,"column":0},"end":{"line":126,"column":1}},"129":{"start":{"line":130,"column":0},"end":{"line":130,"column":69}},"130":{"start":{"line":131,"column":0},"end":{"line":131,"column":26}},"131":{"start":{"line":132,"column":0},"end":{"line":132,"column":27}},"132":{"start":{"line":133,"column":0},"end":{"line":133,"column":10}},"133":{"start":{"line":134,"column":0},"end":{"line":134,"column":18}},"134":{"start":{"line":135,"column":0},"end":{"line":135,"column":45}},"135":{"start":{"line":136,"column":0},"end":{"line":136,"column":32}},"136":{"start":{"line":137,"column":0},"end":{"line":137,"column":50}},"137":{"start":{"line":138,"column":0},"end":{"line":138,"column":20}},"138":{"start":{"line":139,"column":0},"end":{"line":139,"column":61}},"139":{"start":{"line":140,"column":0},"end":{"line":140,"column":5}},"140":{"start":{"line":141,"column":0},"end":{"line":141,"column":3}},"142":{"start":{"line":143,"column":0},"end":{"line":143,"column":37}},"143":{"start":{"line":144,"column":0},"end":{"line":144,"column":47}},"145":{"start":{"line":146,"column":0},"end":{"line":146,"column":33}},"146":{"start":{"line":147,"column":0},"end":{"line":147,"column":66}},"148":{"start":{"line":149,"column":0},"end":{"line":149,"column":51}},"149":{"start":{"line":150,"column":0},"end":{"line":150,"column":34}},"150":{"start":{"line":151,"column":0},"end":{"line":151,"column":37}},"151":{"start":{"line":152,"column":0},"end":{"line":152,"column":37}},"152":{"start":{"line":153,"column":0},"end":{"line":153,"column":55}},"153":{"start":{"line":154,"column":0},"end":{"line":154,"column":3}},"155":{"start":{"line":156,"column":0},"end":{"line":156,"column":25}},"156":{"start":{"line":157,"column":0},"end":{"line":157,"column":48}},"157":{"start":{"line":158,"column":0},"end":{"line":158,"column":3}},"159":{"start":{"line":160,"column":0},"end":{"line":160,"column":37}},"161":{"start":{"line":162,"column":0},"end":{"line":162,"column":100}},"162":{"start":{"line":163,"column":0},"end":{"line":163,"column":35}},"163":{"start":{"line":164,"column":0},"end":{"line":164,"column":1}},"167":{"start":{"line":168,"column":0},"end":{"line":168,"column":69}},"168":{"start":{"line":169,"column":0},"end":{"line":169,"column":26}},"169":{"start":{"line":170,"column":0},"end":{"line":170,"column":32}},"170":{"start":{"line":171,"column":0},"end":{"line":171,"column":10}},"171":{"start":{"line":172,"column":0},"end":{"line":172,"column":18}},"172":{"start":{"line":173,"column":0},"end":{"line":173,"column":45}},"173":{"start":{"line":174,"column":0},"end":{"line":174,"column":32}},"174":{"start":{"line":175,"column":0},"end":{"line":175,"column":50}},"175":{"start":{"line":176,"column":0},"end":{"line":176,"column":20}},"176":{"start":{"line":177,"column":0},"end":{"line":177,"column":61}},"177":{"start":{"line":178,"column":0},"end":{"line":178,"column":5}},"178":{"start":{"line":179,"column":0},"end":{"line":179,"column":3}},"180":{"start":{"line":181,"column":0},"end":{"line":181,"column":47}},"181":{"start":{"line":182,"column":0},"end":{"line":182,"column":40}},"182":{"start":{"line":183,"column":0},"end":{"line":183,"column":58}},"183":{"start":{"line":184,"column":0},"end":{"line":184,"column":58}},"185":{"start":{"line":186,"column":0},"end":{"line":186,"column":36}},"186":{"start":{"line":187,"column":0},"end":{"line":187,"column":66}},"188":{"start":{"line":189,"column":0},"end":{"line":189,"column":51}},"189":{"start":{"line":190,"column":0},"end":{"line":190,"column":35}},"190":{"start":{"line":191,"column":0},"end":{"line":191,"column":39}},"191":{"start":{"line":192,"column":0},"end":{"line":192,"column":18}},"192":{"start":{"line":193,"column":0},"end":{"line":193,"column":55}},"193":{"start":{"line":194,"column":0},"end":{"line":194,"column":3}},"195":{"start":{"line":196,"column":0},"end":{"line":196,"column":33}},"196":{"start":{"line":197,"column":0},"end":{"line":197,"column":53}},"198":{"start":{"line":199,"column":0},"end":{"line":199,"column":56}},"199":{"start":{"line":200,"column":0},"end":{"line":200,"column":67}},"200":{"start":{"line":201,"column":0},"end":{"line":201,"column":25}},"201":{"start":{"line":202,"column":0},"end":{"line":202,"column":51}},"202":{"start":{"line":203,"column":0},"end":{"line":203,"column":3}},"204":{"start":{"line":205,"column":0},"end":{"line":205,"column":145}},"205":{"start":{"line":206,"column":0},"end":{"line":206,"column":35}},"206":{"start":{"line":207,"column":0},"end":{"line":207,"column":1}},"210":{"start":{"line":211,"column":0},"end":{"line":211,"column":67}},"211":{"start":{"line":212,"column":0},"end":{"line":212,"column":26}},"212":{"start":{"line":213,"column":0},"end":{"line":213,"column":13}},"213":{"start":{"line":214,"column":0},"end":{"line":214,"column":10}},"214":{"start":{"line":215,"column":0},"end":{"line":215,"column":18}},"215":{"start":{"line":216,"column":0},"end":{"line":216,"column":66}},"216":{"start":{"line":217,"column":0},"end":{"line":217,"column":35}},"217":{"start":{"line":218,"column":0},"end":{"line":218,"column":1}}},"s":{"3":1,"4":1,"5":1,"6":1,"10":1,"12":15,"13":15,"14":15,"15":1,"16":1,"17":1,"18":15,"19":15,"21":12,"22":12,"23":12,"24":12,"25":12,"26":12,"28":62,"29":62,"30":62,"31":62,"32":62,"33":62,"34":62,"35":32,"36":32,"38":34,"39":34,"40":34,"41":34,"42":34,"43":34,"44":34,"45":34,"46":34,"47":34,"51":14,"52":14,"53":14,"54":14,"55":14,"56":14,"57":14,"58":14,"59":13,"60":13,"62":3,"63":3,"64":3,"65":3,"66":3,"67":3,"68":3,"69":3,"70":1,"71":1,"75":1,"76":1,"77":1,"78":1,"79":1,"80":1,"81":1,"82":1,"84":1,"85":1,"87":1,"88":6,"89":6,"90":6,"91":6,"93":1,"94":1,"95":1,"97":1,"98":1,"100":5,"101":5,"102":5,"103":5,"104":5,"105":5,"106":5,"107":5,"109":5,"110":5,"112":5,"113":30,"114":30,"115":30,"116":30,"118":5,"119":5,"120":5,"122":5,"123":5,"124":5,"125":5,"129":7,"130":7,"131":7,"132":7,"133":7,"134":7,"135":7,"136":7,"137":1,"138":1,"139":1,"140":1,"142":6,"143":6,"145":6,"146":6,"148":7,"149":15,"150":9,"151":8,"152":8,"153":8,"155":6,"156":6,"157":6,"159":6,"161":6,"162":6,"163":6,"167":4,"168":4,"169":4,"170":4,"171":4,"172":4,"173":4,"174":4,"175":1,"176":1,"177":1,"178":1,"180":3,"181":3,"182":3,"183":3,"185":3,"186":3,"188":4,"189":21,"190":18,"191":18,"192":18,"193":18,"195":3,"196":3,"198":3,"199":3,"200":3,"201":3,"202":3,"204":3,"205":3,"206":3,"210":2,"211":2,"212":2,"213":2,"214":2,"215":2,"216":2,"217":2},"branchMap":{"0":{"type":"branch","line":13,"loc":{"start":{"line":13,"column":0},"end":{"line":20,"column":1}},"locations":[{"start":{"line":13,"column":0},"end":{"line":20,"column":1}}]},"1":{"type":"branch","line":15,"loc":{"start":{"line":15,"column":13},"end":{"line":18,"column":3}},"locations":[{"start":{"line":15,"column":13},"end":{"line":18,"column":3}}]},"2":{"type":"branch","line":22,"loc":{"start":{"line":22,"column":0},"end":{"line":27,"column":1}},"locations":[{"start":{"line":22,"column":0},"end":{"line":27,"column":1}}]},"3":{"type":"branch","line":29,"loc":{"start":{"line":29,"column":0},"end":{"line":37,"column":1}},"locations":[{"start":{"line":29,"column":0},"end":{"line":37,"column":1}}]},"4":{"type":"branch","line":34,"loc":{"start":{"line":34,"column":16},"end":{"line":34,"column":45}},"locations":[{"start":{"line":34,"column":16},"end":{"line":34,"column":45}}]},"5":{"type":"branch","line":34,"loc":{"start":{"line":34,"column":45},"end":{"line":34,"column":57}},"locations":[{"start":{"line":34,"column":45},"end":{"line":34,"column":57}}]},"6":{"type":"branch","line":34,"loc":{"start":{"line":34,"column":52},"end":{"line":35,"column":33}},"locations":[{"start":{"line":34,"column":52},"end":{"line":35,"column":33}}]},"7":{"type":"branch","line":35,"loc":{"start":{"line":35,"column":26},"end":{"line":35,"column":54}},"locations":[{"start":{"line":35,"column":26},"end":{"line":35,"column":54}}]},"8":{"type":"branch","line":35,"loc":{"start":{"line":35,"column":53},"end":{"line":37,"column":1}},"locations":[{"start":{"line":35,"column":53},"end":{"line":37,"column":1}}]},"9":{"type":"branch","line":39,"loc":{"start":{"line":39,"column":0},"end":{"line":48,"column":1}},"locations":[{"start":{"line":39,"column":0},"end":{"line":48,"column":1}}]},"10":{"type":"branch","line":52,"loc":{"start":{"line":52,"column":0},"end":{"line":61,"column":1}},"locations":[{"start":{"line":52,"column":0},"end":{"line":61,"column":1}}]},"11":{"type":"branch","line":59,"loc":{"start":{"line":59,"column":25},"end":{"line":59,"column":51}},"locations":[{"start":{"line":59,"column":25},"end":{"line":59,"column":51}}]},"12":{"type":"branch","line":59,"loc":{"start":{"line":59,"column":50},"end":{"line":61,"column":1}},"locations":[{"start":{"line":59,"column":50},"end":{"line":61,"column":1}}]},"13":{"type":"branch","line":63,"loc":{"start":{"line":63,"column":0},"end":{"line":72,"column":1}},"locations":[{"start":{"line":63,"column":0},"end":{"line":72,"column":1}}]},"14":{"type":"branch","line":70,"loc":{"start":{"line":70,"column":25},"end":{"line":70,"column":36}},"locations":[{"start":{"line":70,"column":25},"end":{"line":70,"column":36}}]},"15":{"type":"branch","line":70,"loc":{"start":{"line":70,"column":32},"end":{"line":72,"column":1}},"locations":[{"start":{"line":70,"column":32},"end":{"line":72,"column":1}}]},"16":{"type":"branch","line":76,"loc":{"start":{"line":76,"column":0},"end":{"line":99,"column":1}},"locations":[{"start":{"line":76,"column":0},"end":{"line":99,"column":1}}]},"17":{"type":"branch","line":88,"loc":{"start":{"line":88,"column":50},"end":{"line":92,"column":3}},"locations":[{"start":{"line":88,"column":50},"end":{"line":92,"column":3}}]},"18":{"type":"branch","line":89,"loc":{"start":{"line":89,"column":26},"end":{"line":89,"column":34}},"locations":[{"start":{"line":89,"column":26},"end":{"line":89,"column":34}}]},"19":{"type":"branch","line":95,"loc":{"start":{"line":95,"column":27},"end":{"line":95,"column":41}},"locations":[{"start":{"line":95,"column":27},"end":{"line":95,"column":41}}]},"20":{"type":"branch","line":101,"loc":{"start":{"line":101,"column":0},"end":{"line":126,"column":1}},"locations":[{"start":{"line":101,"column":0},"end":{"line":126,"column":1}}]},"21":{"type":"branch","line":113,"loc":{"start":{"line":113,"column":50},"end":{"line":117,"column":3}},"locations":[{"start":{"line":113,"column":50},"end":{"line":117,"column":3}}]},"22":{"type":"branch","line":114,"loc":{"start":{"line":114,"column":26},"end":{"line":114,"column":34}},"locations":[{"start":{"line":114,"column":26},"end":{"line":114,"column":34}}]},"23":{"type":"branch","line":124,"loc":{"start":{"line":124,"column":16},"end":{"line":124,"column":42}},"locations":[{"start":{"line":124,"column":16},"end":{"line":124,"column":42}}]},"24":{"type":"branch","line":120,"loc":{"start":{"line":120,"column":27},"end":{"line":120,"column":41}},"locations":[{"start":{"line":120,"column":27},"end":{"line":120,"column":41}}]},"25":{"type":"branch","line":130,"loc":{"start":{"line":130,"column":0},"end":{"line":164,"column":1}},"locations":[{"start":{"line":130,"column":0},"end":{"line":164,"column":1}}]},"26":{"type":"branch","line":137,"loc":{"start":{"line":137,"column":18},"end":{"line":137,"column":49}},"locations":[{"start":{"line":137,"column":18},"end":{"line":137,"column":49}}]},"27":{"type":"branch","line":137,"loc":{"start":{"line":137,"column":49},"end":{"line":141,"column":3}},"locations":[{"start":{"line":137,"column":49},"end":{"line":141,"column":3}}]},"28":{"type":"branch","line":141,"loc":{"start":{"line":141,"column":2},"end":{"line":149,"column":50}},"locations":[{"start":{"line":141,"column":2},"end":{"line":149,"column":50}}]},"29":{"type":"branch","line":149,"loc":{"start":{"line":149,"column":50},"end":{"line":154,"column":3}},"locations":[{"start":{"line":149,"column":50},"end":{"line":154,"column":3}}]},"30":{"type":"branch","line":150,"loc":{"start":{"line":150,"column":26},"end":{"line":150,"column":34}},"locations":[{"start":{"line":150,"column":26},"end":{"line":150,"column":34}}]},"31":{"type":"branch","line":150,"loc":{"start":{"line":150,"column":26},"end":{"line":151,"column":37}},"locations":[{"start":{"line":150,"column":26},"end":{"line":151,"column":37}}]},"32":{"type":"branch","line":151,"loc":{"start":{"line":151,"column":29},"end":{"line":151,"column":37}},"locations":[{"start":{"line":151,"column":29},"end":{"line":151,"column":37}}]},"33":{"type":"branch","line":151,"loc":{"start":{"line":151,"column":29},"end":{"line":154,"column":3}},"locations":[{"start":{"line":151,"column":29},"end":{"line":154,"column":3}}]},"34":{"type":"branch","line":154,"loc":{"start":{"line":154,"column":2},"end":{"line":160,"column":37}},"locations":[{"start":{"line":154,"column":2},"end":{"line":160,"column":37}}]},"35":{"type":"branch","line":160,"loc":{"start":{"line":160,"column":31},"end":{"line":160,"column":37}},"locations":[{"start":{"line":160,"column":31},"end":{"line":160,"column":37}}]},"36":{"type":"branch","line":160,"loc":{"start":{"line":160,"column":31},"end":{"line":164,"column":1}},"locations":[{"start":{"line":160,"column":31},"end":{"line":164,"column":1}}]},"37":{"type":"branch","line":168,"loc":{"start":{"line":168,"column":0},"end":{"line":207,"column":1}},"locations":[{"start":{"line":168,"column":0},"end":{"line":207,"column":1}}]},"38":{"type":"branch","line":175,"loc":{"start":{"line":175,"column":18},"end":{"line":175,"column":49}},"locations":[{"start":{"line":175,"column":18},"end":{"line":175,"column":49}}]},"39":{"type":"branch","line":175,"loc":{"start":{"line":175,"column":49},"end":{"line":179,"column":3}},"locations":[{"start":{"line":175,"column":49},"end":{"line":179,"column":3}}]},"40":{"type":"branch","line":179,"loc":{"start":{"line":179,"column":2},"end":{"line":189,"column":50}},"locations":[{"start":{"line":179,"column":2},"end":{"line":189,"column":50}}]},"41":{"type":"branch","line":189,"loc":{"start":{"line":189,"column":50},"end":{"line":194,"column":3}},"locations":[{"start":{"line":189,"column":50},"end":{"line":194,"column":3}}]},"42":{"type":"branch","line":190,"loc":{"start":{"line":190,"column":27},"end":{"line":190,"column":35}},"locations":[{"start":{"line":190,"column":27},"end":{"line":190,"column":35}}]},"43":{"type":"branch","line":190,"loc":{"start":{"line":190,"column":27},"end":{"line":191,"column":39}},"locations":[{"start":{"line":190,"column":27},"end":{"line":191,"column":39}}]},"44":{"type":"branch","line":191,"loc":{"start":{"line":191,"column":31},"end":{"line":191,"column":39}},"locations":[{"start":{"line":191,"column":31},"end":{"line":191,"column":39}}]},"45":{"type":"branch","line":191,"loc":{"start":{"line":191,"column":31},"end":{"line":194,"column":3}},"locations":[{"start":{"line":191,"column":31},"end":{"line":194,"column":3}}]},"46":{"type":"branch","line":194,"loc":{"start":{"line":194,"column":2},"end":{"line":207,"column":1}},"locations":[{"start":{"line":194,"column":2},"end":{"line":207,"column":1}}]},"47":{"type":"branch","line":197,"loc":{"start":{"line":197,"column":27},"end":{"line":197,"column":41}},"locations":[{"start":{"line":197,"column":27},"end":{"line":197,"column":41}}]},"48":{"type":"branch","line":199,"loc":{"start":{"line":199,"column":33},"end":{"line":199,"column":55}},"locations":[{"start":{"line":199,"column":33},"end":{"line":199,"column":55}}]},"49":{"type":"branch","line":200,"loc":{"start":{"line":200,"column":39},"end":{"line":200,"column":66}},"locations":[{"start":{"line":200,"column":39},"end":{"line":200,"column":66}}]},"50":{"type":"branch","line":211,"loc":{"start":{"line":211,"column":0},"end":{"line":218,"column":1}},"locations":[{"start":{"line":211,"column":0},"end":{"line":218,"column":1}}]}},"b":{"0":[15],"1":[1],"2":[12],"3":[62],"4":[40],"5":[22],"6":[40],"7":[8],"8":[32],"9":[34],"10":[14],"11":[1],"12":[13],"13":[3],"14":[2],"15":[1],"16":[1],"17":[6],"18":[0],"19":[6],"20":[5],"21":[30],"22":[0],"23":[0],"24":[30],"25":[7],"26":[6],"27":[1],"28":[6],"29":[15],"30":[6],"31":[9],"32":[1],"33":[8],"34":[6],"35":[0],"36":[6],"37":[4],"38":[3],"39":[1],"40":[3],"41":[21],"42":[3],"43":[18],"44":[0],"45":[18],"46":[3],"47":[21],"48":[21],"49":[18],"50":[2]},"fnMap":{"0":{"name":"getJsonbCols","decl":{"start":{"line":13,"column":0},"end":{"line":20,"column":1}},"loc":{"start":{"line":13,"column":0},"end":{"line":20,"column":1}},"line":13},"1":{"name":"managedKeys","decl":{"start":{"line":22,"column":0},"end":{"line":27,"column":1}},"loc":{"start":{"line":22,"column":0},"end":{"line":27,"column":1}},"line":22},"2":{"name":"serializeValue","decl":{"start":{"line":29,"column":0},"end":{"line":37,"column":1}},"loc":{"start":{"line":29,"column":0},"end":{"line":37,"column":1}},"line":29},"3":{"name":"executeRaw","decl":{"start":{"line":39,"column":0},"end":{"line":48,"column":1}},"loc":{"start":{"line":39,"column":0},"end":{"line":48,"column":1}},"line":39},"4":{"name":"oneEntity","decl":{"start":{"line":52,"column":0},"end":{"line":61,"column":1}},"loc":{"start":{"line":52,"column":0},"end":{"line":61,"column":1}},"line":52},"5":{"name":"maybeEntity","decl":{"start":{"line":63,"column":0},"end":{"line":72,"column":1}},"loc":{"start":{"line":63,"column":0},"end":{"line":72,"column":1}},"line":63},"6":{"name":"insertEntity","decl":{"start":{"line":76,"column":0},"end":{"line":99,"column":1}},"loc":{"start":{"line":76,"column":0},"end":{"line":99,"column":1}},"line":76},"7":{"name":"insertEntityWithId","decl":{"start":{"line":101,"column":0},"end":{"line":126,"column":1}},"loc":{"start":{"line":101,"column":0},"end":{"line":126,"column":1}},"line":101},"8":{"name":"updateEntity","decl":{"start":{"line":130,"column":0},"end":{"line":164,"column":1}},"loc":{"start":{"line":130,"column":0},"end":{"line":164,"column":1}},"line":130},"9":{"name":"upsertEntity","decl":{"start":{"line":168,"column":0},"end":{"line":207,"column":1}},"loc":{"start":{"line":168,"column":0},"end":{"line":207,"column":1}},"line":168},"10":{"name":"deleteById","decl":{"start":{"line":211,"column":0},"end":{"line":218,"column":1}},"loc":{"start":{"line":211,"column":0},"end":{"line":218,"column":1}},"line":211}},"f":{"0":15,"1":12,"2":62,"3":34,"4":14,"5":3,"6":1,"7":5,"8":7,"9":4,"10":2}}
,"/home/pm/ts-dao-aston/src/entity/jsonb.ts": {"path":"/home/pm/ts-dao-aston/src/entity/jsonb.ts","all":false,"statementMap":{"0":{"start":{"line":1,"column":0},"end":{"line":1,"column":119}},"6":{"start":{"line":7,"column":0},"end":{"line":7,"column":49}},"7":{"start":{"line":8,"column":0},"end":{"line":8,"column":67}},"8":{"start":{"line":9,"column":0},"end":{"line":9,"column":67}},"9":{"start":{"line":10,"column":0},"end":{"line":10,"column":73}},"10":{"start":{"line":11,"column":0},"end":{"line":11,"column":69}},"11":{"start":{"line":12,"column":0},"end":{"line":12,"column":15}},"12":{"start":{"line":13,"column":0},"end":{"line":13,"column":1}},"14":{"start":{"line":15,"column":0},"end":{"line":15,"column":51}},"15":{"start":{"line":16,"column":0},"end":{"line":16,"column":30}},"16":{"start":{"line":17,"column":0},"end":{"line":17,"column":10}},"17":{"start":{"line":18,"column":0},"end":{"line":18,"column":33}},"18":{"start":{"line":19,"column":0},"end":{"line":19,"column":32}},"19":{"start":{"line":20,"column":0},"end":{"line":20,"column":30}},"21":{"start":{"line":22,"column":0},"end":{"line":22,"column":1}},"27":{"start":{"line":28,"column":0},"end":{"line":28,"column":73}},"28":{"start":{"line":29,"column":0},"end":{"line":29,"column":37}},"29":{"start":{"line":30,"column":0},"end":{"line":30,"column":58}},"31":{"start":{"line":32,"column":0},"end":{"line":32,"column":59}},"32":{"start":{"line":33,"column":0},"end":{"line":33,"column":35}},"33":{"start":{"line":34,"column":0},"end":{"line":34,"column":24}},"34":{"start":{"line":35,"column":0},"end":{"line":35,"column":5}},"35":{"start":{"line":36,"column":0},"end":{"line":36,"column":3}},"37":{"start":{"line":38,"column":0},"end":{"line":38,"column":18}},"38":{"start":{"line":39,"column":0},"end":{"line":39,"column":1}}},"s":{"0":1,"6":39,"7":39,"8":39,"9":39,"10":39,"11":32,"12":32,"14":32,"15":32,"16":32,"17":32,"18":27,"19":23,"21":32,"27":1,"28":8,"29":8,"31":8,"32":32,"33":11,"34":11,"35":32,"37":8,"38":8},"branchMap":{"0":{"type":"branch","line":7,"loc":{"start":{"line":7,"column":0},"end":{"line":13,"column":1}},"locations":[{"start":{"line":7,"column":0},"end":{"line":13,"column":1}}]},"1":{"type":"branch","line":8,"loc":{"start":{"line":8,"column":37},"end":{"line":8,"column":67}},"locations":[{"start":{"line":8,"column":37},"end":{"line":8,"column":67}}]},"2":{"type":"branch","line":8,"loc":{"start":{"line":8,"column":66},"end":{"line":9,"column":44}},"locations":[{"start":{"line":8,"column":66},"end":{"line":9,"column":44}}]},"3":{"type":"branch","line":9,"loc":{"start":{"line":9,"column":37},"end":{"line":9,"column":67}},"locations":[{"start":{"line":9,"column":37},"end":{"line":9,"column":67}}]},"4":{"type":"branch","line":9,"loc":{"start":{"line":9,"column":66},"end":{"line":10,"column":43}},"locations":[{"start":{"line":9,"column":66},"end":{"line":10,"column":43}}]},"5":{"type":"branch","line":10,"loc":{"start":{"line":10,"column":36},"end":{"line":10,"column":73}},"locations":[{"start":{"line":10,"column":36},"end":{"line":10,"column":73}}]},"6":{"type":"branch","line":10,"loc":{"start":{"line":10,"column":72},"end":{"line":11,"column":43}},"locations":[{"start":{"line":10,"column":72},"end":{"line":11,"column":43}}]},"7":{"type":"branch","line":11,"loc":{"start":{"line":11,"column":36},"end":{"line":11,"column":69}},"locations":[{"start":{"line":11,"column":36},"end":{"line":11,"column":69}}]},"8":{"type":"branch","line":11,"loc":{"start":{"line":11,"column":68},"end":{"line":13,"column":1}},"locations":[{"start":{"line":11,"column":68},"end":{"line":13,"column":1}}]},"9":{"type":"branch","line":15,"loc":{"start":{"line":15,"column":0},"end":{"line":22,"column":1}},"locations":[{"start":{"line":15,"column":0},"end":{"line":22,"column":1}}]},"10":{"type":"branch","line":18,"loc":{"start":{"line":18,"column":21},"end":{"line":19,"column":32}},"locations":[{"start":{"line":18,"column":21},"end":{"line":19,"column":32}}]},"11":{"type":"branch","line":19,"loc":{"start":{"line":19,"column":21},"end":{"line":20,"column":30}},"locations":[{"start":{"line":19,"column":21},"end":{"line":20,"column":30}}]},"12":{"type":"branch","line":28,"loc":{"start":{"line":28,"column":7},"end":{"line":39,"column":1}},"locations":[{"start":{"line":28,"column":7},"end":{"line":39,"column":1}}]},"13":{"type":"branch","line":32,"loc":{"start":{"line":32,"column":58},"end":{"line":36,"column":3}},"locations":[{"start":{"line":32,"column":58},"end":{"line":36,"column":3}}]},"14":{"type":"branch","line":33,"loc":{"start":{"line":33,"column":34},"end":{"line":35,"column":5}},"locations":[{"start":{"line":33,"column":34},"end":{"line":35,"column":5}}]}},"b":{"0":[39],"1":[1],"2":[38],"3":[4],"4":[34],"5":[0],"6":[34],"7":[2],"8":[32],"9":[32],"10":[27],"11":[23],"12":[8],"13":[32],"14":[11]},"fnMap":{"0":{"name":"unwrap","decl":{"start":{"line":7,"column":0},"end":{"line":13,"column":1}},"loc":{"start":{"line":7,"column":0},"end":{"line":13,"column":1}},"line":7},"1":{"name":"isJsonbType","decl":{"start":{"line":15,"column":0},"end":{"line":22,"column":1}},"loc":{"start":{"line":15,"column":0},"end":{"line":22,"column":1}},"line":15},"2":{"name":"detectJsonbColumns","decl":{"start":{"line":28,"column":7},"end":{"line":39,"column":1}},"loc":{"start":{"line":28,"column":7},"end":{"line":39,"column":1}},"line":28}},"f":{"0":39,"1":32,"2":8}}
,"/home/pm/ts-dao-aston/src/sql/named-params.ts": {"path":"/home/pm/ts-dao-aston/src/sql/named-params.ts","all":false,"statementMap":{"6":{"start":{"line":7,"column":0},"end":{"line":7,"column":45}},"14":{"start":{"line":15,"column":0},"end":{"line":15,"column":45}},"17":{"start":{"line":18,"column":0},"end":{"line":18,"column":3}},"18":{"start":{"line":19,"column":0},"end":{"line":19,"column":34}},"19":{"start":{"line":20,"column":0},"end":{"line":20,"column":33}},"20":{"start":{"line":21,"column":0},"end":{"line":21,"column":19}},"22":{"start":{"line":23,"column":0},"end":{"line":23,"column":47}},"23":{"start":{"line":24,"column":0},"end":{"line":24,"column":56}},"24":{"start":{"line":25,"column":0},"end":{"line":25,"column":42}},"26":{"start":{"line":27,"column":0},"end":{"line":27,"column":26}},"27":{"start":{"line":28,"column":0},"end":{"line":28,"column":24}},"28":{"start":{"line":29,"column":0},"end":{"line":29,"column":25}},"30":{"start":{"line":31,"column":0},"end":{"line":31,"column":46}},"31":{"start":{"line":32,"column":0},"end":{"line":32,"column":3}},"33":{"start":{"line":34,"column":0},"end":{"line":34,"column":35}},"34":{"start":{"line":35,"column":0},"end":{"line":35,"column":28}},"36":{"start":{"line":37,"column":0},"end":{"line":37,"column":30}},"37":{"start":{"line":38,"column":0},"end":{"line":38,"column":1}}},"s":{"6":1,"14":1,"17":52,"18":52,"19":52,"20":52,"22":52,"23":66,"24":66,"26":66,"27":66,"28":66,"30":66,"31":66,"33":52,"34":52,"36":52,"37":52},"branchMap":{"0":{"type":"branch","line":15,"loc":{"start":{"line":15,"column":7},"end":{"line":38,"column":1}},"locations":[{"start":{"line":15,"column":7},"end":{"line":38,"column":1}}]},"1":{"type":"branch","line":23,"loc":{"start":{"line":23,"column":46},"end":{"line":32,"column":3}},"locations":[{"start":{"line":23,"column":46},"end":{"line":32,"column":3}}]},"2":{"type":"branch","line":25,"loc":{"start":{"line":25,"column":20},"end":{"line":25,"column":42}},"locations":[{"start":{"line":25,"column":20},"end":{"line":25,"column":42}}]},"3":{"type":"branch","line":35,"loc":{"start":{"line":35,"column":12},"end":{"line":35,"column":28}},"locations":[{"start":{"line":35,"column":12},"end":{"line":35,"column":28}}]}},"b":{"0":[52],"1":[66],"2":[65],"3":[34]},"fnMap":{"0":{"name":"extractParams","decl":{"start":{"line":15,"column":7},"end":{"line":38,"column":1}},"loc":{"start":{"line":15,"column":7},"end":{"line":38,"column":1}},"line":15}},"f":{"0":52}}
,"/home/pm/ts-dao-aston/src/sql/optional-blocks.ts": {"path":"/home/pm/ts-dao-aston/src/sql/optional-blocks.ts","all":false,"statementMap":{"5":{"start":{"line":6,"column":0},"end":{"line":6,"column":51}},"17":{"start":{"line":18,"column":0},"end":{"line":18,"column":66}},"18":{"start":{"line":19,"column":0},"end":{"line":19,"column":35}},"19":{"start":{"line":20,"column":0},"end":{"line":20,"column":19}},"21":{"start":{"line":22,"column":0},"end":{"line":22,"column":56}},"22":{"start":{"line":23,"column":0},"end":{"line":23,"column":52}},"23":{"start":{"line":24,"column":0},"end":{"line":24,"column":64}},"25":{"start":{"line":26,"column":0},"end":{"line":26,"column":54}},"27":{"start":{"line":28,"column":0},"end":{"line":28,"column":46}},"28":{"start":{"line":29,"column":0},"end":{"line":29,"column":3}},"30":{"start":{"line":31,"column":0},"end":{"line":31,"column":35}},"31":{"start":{"line":32,"column":0},"end":{"line":32,"column":58}},"33":{"start":{"line":34,"column":0},"end":{"line":34,"column":17}},"34":{"start":{"line":35,"column":0},"end":{"line":35,"column":1}}},"s":{"5":1,"17":1,"18":38,"19":38,"21":38,"22":14,"23":14,"25":14,"27":14,"28":14,"30":38,"31":38,"33":38,"34":38},"branchMap":{"0":{"type":"branch","line":18,"loc":{"start":{"line":18,"column":7},"end":{"line":35,"column":1}},"locations":[{"start":{"line":18,"column":7},"end":{"line":35,"column":1}}]},"1":{"type":"branch","line":22,"loc":{"start":{"line":22,"column":55},"end":{"line":29,"column":3}},"locations":[{"start":{"line":22,"column":55},"end":{"line":29,"column":3}}]},"2":{"type":"branch","line":32,"loc":{"start":{"line":32,"column":12},"end":{"line":32,"column":58}},"locations":[{"start":{"line":32,"column":12},"end":{"line":32,"column":58}}]}},"b":{"0":[38],"1":[14],"2":[27]},"fnMap":{"0":{"name":"extractOptionalBlocks","decl":{"start":{"line":18,"column":7},"end":{"line":35,"column":1}},"loc":{"start":{"line":18,"column":7},"end":{"line":35,"column":1}},"line":18}},"f":{"0":38}}
,"/home/pm/ts-dao-aston/src/sql/template.ts": {"path":"/home/pm/ts-dao-aston/src/sql/template.ts","all":false,"statementMap":{"0":{"start":{"line":1,"column":0},"end":{"line":1,"column":60}},"1":{"start":{"line":2,"column":0},"end":{"line":2,"column":83}},"2":{"start":{"line":3,"column":0},"end":{"line":3,"column":54}},"19":{"start":{"line":20,"column":0},"end":{"line":20,"column":47}},"21":{"start":{"line":22,"column":0},"end":{"line":22,"column":52}},"22":{"start":{"line":23,"column":0},"end":{"line":23,"column":31}},"23":{"start":{"line":24,"column":0},"end":{"line":24,"column":27}},"25":{"start":{"line":26,"column":0},"end":{"line":26,"column":48}},"27":{"start":{"line":28,"column":0},"end":{"line":28,"column":56}},"28":{"start":{"line":29,"column":0},"end":{"line":29,"column":57}},"29":{"start":{"line":30,"column":0},"end":{"line":30,"column":12}},"30":{"start":{"line":31,"column":0},"end":{"line":31,"column":29}},"31":{"start":{"line":32,"column":0},"end":{"line":32,"column":35}},"32":{"start":{"line":33,"column":0},"end":{"line":33,"column":12}},"33":{"start":{"line":34,"column":0},"end":{"line":34,"column":5}},"34":{"start":{"line":35,"column":0},"end":{"line":35,"column":4}},"36":{"start":{"line":37,"column":0},"end":{"line":37,"column":47}},"37":{"start":{"line":38,"column":0},"end":{"line":38,"column":26}},"38":{"start":{"line":39,"column":0},"end":{"line":39,"column":17}},"39":{"start":{"line":40,"column":0},"end":{"line":40,"column":1}},"41":{"start":{"line":42,"column":0},"end":{"line":42,"column":24}},"42":{"start":{"line":43,"column":0},"end":{"line":43,"column":27}},"43":{"start":{"line":44,"column":0},"end":{"line":44,"column":32}},"44":{"start":{"line":45,"column":0},"end":{"line":45,"column":18}},"45":{"start":{"line":46,"column":0},"end":{"line":46,"column":24}},"46":{"start":{"line":47,"column":0},"end":{"line":47,"column":31}},"47":{"start":{"line":48,"column":0},"end":{"line":48,"column":30}},"48":{"start":{"line":49,"column":0},"end":{"line":49,"column":13}},"50":{"start":{"line":51,"column":0},"end":{"line":51,"column":44}},"51":{"start":{"line":52,"column":0},"end":{"line":52,"column":27}},"52":{"start":{"line":53,"column":0},"end":{"line":53,"column":49}},"53":{"start":{"line":54,"column":0},"end":{"line":54,"column":60}},"54":{"start":{"line":55,"column":0},"end":{"line":55,"column":7}},"55":{"start":{"line":56,"column":0},"end":{"line":56,"column":24}},"56":{"start":{"line":57,"column":0},"end":{"line":57,"column":5}},"58":{"start":{"line":59,"column":0},"end":{"line":59,"column":39}},"59":{"start":{"line":60,"column":0},"end":{"line":60,"column":37}},"60":{"start":{"line":61,"column":0},"end":{"line":61,"column":27}},"61":{"start":{"line":62,"column":0},"end":{"line":62,"column":16}},"62":{"start":{"line":63,"column":0},"end":{"line":63,"column":7}},"64":{"start":{"line":65,"column":0},"end":{"line":65,"column":34}},"65":{"start":{"line":66,"column":0},"end":{"line":66,"column":31}},"67":{"start":{"line":68,"column":0},"end":{"line":68,"column":28}},"68":{"start":{"line":69,"column":0},"end":{"line":69,"column":41}},"69":{"start":{"line":70,"column":0},"end":{"line":70,"column":42}},"70":{"start":{"line":71,"column":0},"end":{"line":71,"column":40}},"71":{"start":{"line":72,"column":0},"end":{"line":72,"column":27}},"72":{"start":{"line":73,"column":0},"end":{"line":73,"column":9}},"73":{"start":{"line":74,"column":0},"end":{"line":74,"column":45}},"74":{"start":{"line":75,"column":0},"end":{"line":75,"column":14}},"75":{"start":{"line":76,"column":0},"end":{"line":76,"column":34}},"76":{"start":{"line":77,"column":0},"end":{"line":77,"column":26}},"77":{"start":{"line":78,"column":0},"end":{"line":78,"column":7}},"78":{"start":{"line":79,"column":0},"end":{"line":79,"column":5}},"79":{"start":{"line":80,"column":0},"end":{"line":80,"column":3}},"81":{"start":{"line":82,"column":0},"end":{"line":82,"column":43}},"82":{"start":{"line":83,"column":0},"end":{"line":83,"column":1}},"84":{"start":{"line":85,"column":0},"end":{"line":85,"column":29}},"85":{"start":{"line":86,"column":0},"end":{"line":86,"column":14}},"86":{"start":{"line":87,"column":0},"end":{"line":87,"column":21}},"87":{"start":{"line":88,"column":0},"end":{"line":88,"column":18}},"88":{"start":{"line":89,"column":0},"end":{"line":89,"column":29}},"89":{"start":{"line":90,"column":0},"end":{"line":90,"column":34}},"90":{"start":{"line":91,"column":0},"end":{"line":91,"column":1}},"92":{"start":{"line":93,"column":0},"end":{"line":93,"column":44}},"93":{"start":{"line":94,"column":0},"end":{"line":94,"column":15}},"94":{"start":{"line":95,"column":0},"end":{"line":95,"column":1}}},"s":{"0":1,"1":1,"2":1,"19":1,"21":1,"22":74,"23":74,"25":34,"27":34,"28":46,"29":46,"30":46,"31":46,"32":46,"33":46,"34":34,"36":34,"37":34,"38":34,"39":34,"41":1,"42":70,"43":70,"44":70,"45":70,"46":70,"47":70,"48":70,"50":70,"51":82,"52":10,"53":10,"54":10,"55":10,"56":10,"58":82,"59":295,"60":168,"61":168,"62":168,"64":127,"65":127,"67":295,"68":5,"69":5,"70":12,"71":12,"72":12,"73":5,"74":295,"75":122,"76":122,"77":122,"78":295,"79":76,"81":70,"82":70,"84":1,"85":62,"86":62,"87":62,"88":62,"89":62,"90":62,"92":1,"93":12,"94":12},"branchMap":{"0":{"type":"branch","line":22,"loc":{"start":{"line":22,"column":7},"end":{"line":40,"column":1}},"locations":[{"start":{"line":22,"column":7},"end":{"line":40,"column":1}}]},"1":{"type":"branch","line":24,"loc":{"start":{"line":24,"column":14},"end":{"line":24,"column":27}},"locations":[{"start":{"line":24,"column":14},"end":{"line":24,"column":27}}]},"2":{"type":"branch","line":24,"loc":{"start":{"line":24,"column":21},"end":{"line":40,"column":1}},"locations":[{"start":{"line":24,"column":21},"end":{"line":40,"column":1}}]},"3":{"type":"branch","line":28,"loc":{"start":{"line":28,"column":46},"end":{"line":35,"column":3}},"locations":[{"start":{"line":28,"column":46},"end":{"line":35,"column":3}}]},"4":{"type":"branch","line":42,"loc":{"start":{"line":42,"column":7},"end":{"line":83,"column":1}},"locations":[{"start":{"line":42,"column":7},"end":{"line":83,"column":1}}]},"5":{"type":"branch","line":46,"loc":{"start":{"line":46,"column":12},"end":{"line":46,"column":24}},"locations":[{"start":{"line":46,"column":12},"end":{"line":46,"column":24}}]},"6":{"type":"branch","line":51,"loc":{"start":{"line":51,"column":43},"end":{"line":80,"column":3}},"locations":[{"start":{"line":51,"column":43},"end":{"line":80,"column":3}}]},"7":{"type":"branch","line":52,"loc":{"start":{"line":52,"column":26},"end":{"line":57,"column":5}},"locations":[{"start":{"line":52,"column":26},"end":{"line":57,"column":5}}]},"8":{"type":"branch","line":56,"loc":{"start":{"line":56,"column":16},"end":{"line":56,"column":24}},"locations":[{"start":{"line":56,"column":16},"end":{"line":56,"column":24}}]},"9":{"type":"branch","line":57,"loc":{"start":{"line":57,"column":4},"end":{"line":59,"column":38}},"locations":[{"start":{"line":57,"column":4},"end":{"line":59,"column":38}}]},"10":{"type":"branch","line":59,"loc":{"start":{"line":59,"column":38},"end":{"line":79,"column":5}},"locations":[{"start":{"line":59,"column":38},"end":{"line":79,"column":5}}]},"11":{"type":"branch","line":60,"loc":{"start":{"line":60,"column":36},"end":{"line":63,"column":7}},"locations":[{"start":{"line":60,"column":36},"end":{"line":63,"column":7}}]},"12":{"type":"branch","line":63,"loc":{"start":{"line":63,"column":6},"end":{"line":68,"column":27}},"locations":[{"start":{"line":63,"column":6},"end":{"line":68,"column":27}}]},"13":{"type":"branch","line":68,"loc":{"start":{"line":68,"column":27},"end":{"line":75,"column":13}},"locations":[{"start":{"line":68,"column":27},"end":{"line":75,"column":13}}]},"14":{"type":"branch","line":70,"loc":{"start":{"line":70,"column":41},"end":{"line":73,"column":9}},"locations":[{"start":{"line":70,"column":41},"end":{"line":73,"column":9}}]},"15":{"type":"branch","line":75,"loc":{"start":{"line":75,"column":6},"end":{"line":78,"column":7}},"locations":[{"start":{"line":75,"column":6},"end":{"line":78,"column":7}}]},"16":{"type":"branch","line":79,"loc":{"start":{"line":79,"column":4},"end":{"line":80,"column":3}},"locations":[{"start":{"line":79,"column":4},"end":{"line":80,"column":3}}]},"17":{"type":"branch","line":54,"loc":{"start":{"line":54,"column":8},"end":{"line":54,"column":60}},"locations":[{"start":{"line":54,"column":8},"end":{"line":54,"column":60}}]},"18":{"type":"branch","line":54,"loc":{"start":{"line":54,"column":30},"end":{"line":54,"column":60}},"locations":[{"start":{"line":54,"column":30},"end":{"line":54,"column":60}}]},"19":{"type":"branch","line":85,"loc":{"start":{"line":85,"column":7},"end":{"line":91,"column":1}},"locations":[{"start":{"line":85,"column":7},"end":{"line":91,"column":1}}]},"20":{"type":"branch","line":93,"loc":{"start":{"line":93,"column":7},"end":{"line":95,"column":1}},"locations":[{"start":{"line":93,"column":7},"end":{"line":95,"column":1}}]}},"b":{"0":[74],"1":[40],"2":[34],"3":[46],"4":[70],"5":[7],"6":[82],"7":[10],"8":[6],"9":[76],"10":[295],"11":[168],"12":[127],"13":[5],"14":[12],"15":[122],"16":[76],"17":[10],"18":[5],"19":[62],"20":[12]},"fnMap":{"0":{"name":"parse","decl":{"start":{"line":22,"column":7},"end":{"line":40,"column":1}},"loc":{"start":{"line":22,"column":7},"end":{"line":40,"column":1}},"line":22},"1":{"name":"resolve","decl":{"start":{"line":42,"column":7},"end":{"line":83,"column":1}},"loc":{"start":{"line":42,"column":7},"end":{"line":83,"column":1}},"line":42},"2":{"name":"prepareQuery","decl":{"start":{"line":85,"column":7},"end":{"line":91,"column":1}},"loc":{"start":{"line":85,"column":7},"end":{"line":91,"column":1}},"line":85},"3":{"name":"clearTemplateCache","decl":{"start":{"line":93,"column":7},"end":{"line":95,"column":1}},"loc":{"start":{"line":93,"column":7},"end":{"line":95,"column":1}},"line":93}},"f":{"0":74,"1":70,"2":62,"3":12}}
}
